<?xml version="1.0" encoding="UTF-8"?>
<!DOCTYPE coverage SYSTEM "http://cobertura.sourceforge.net/xml/coverage-04.dtd">
<coverage line-rate="0.67745004757374" branch-rate="0" lines-covered="1424" lines-valid="2102" branches-covered="0" branches-valid="0" complexity="610" version="0.4" timestamp="1720231208">
  <sources>
    <source>/app/src</source>
  </sources>
  <packages>
    <package name="Building/Analysis.php" line-rate="0.95294117647059" branch-rate="0" complexity="38">
      <classes>
        <class name="Playground\Make\Model\Building\Analysis" filename="Building/Analysis.php" line-rate="0.95294117647059" branch-rate="0" complexity="38">
          <methods>
            <method name="analyze" signature="Playground\Make\Configuration\Model\Create $create, string $name" line-rate="1" branch-rate="0" complexity="1">
              <lines>
                <line number="28" hits="2"/>
                <line number="30" hits="2"/>
                <line number="31" hits="2"/>
                <line number="32" hits="2"/>
                <line number="33" hits="2"/>
                <line number="34" hits="2"/>
                <line number="35" hits="2"/>
                <line number="36" hits="2"/>
              </lines>
            </method>
            <method name="analyze_reset" signature="Playground\Make\Configuration\Model\Create $create, string $name" line-rate="1" branch-rate="0" complexity="1">
              <lines>
                <line number="41" hits="2"/>
                <line number="42" hits="2"/>
                <line number="43" hits="2"/>
                <line number="44" hits="2"/>
                <line number="45" hits="2"/>
                <line number="46" hits="2"/>
                <line number="47" hits="2"/>
                <line number="49" hits="2"/>
                <line number="50" hits="2"/>
                <line number="51" hits="2"/>
                <line number="52" hits="2"/>
                <line number="53" hits="2"/>
                <line number="54" hits="2"/>
                <line number="55" hits="2"/>
                <line number="56" hits="2"/>
                <line number="57" hits="2"/>
                <line number="58" hits="2"/>
                <line number="59" hits="2"/>
                <line number="60" hits="2"/>
              </lines>
            </method>
            <method name="analyze_attributes" signature="Playground\Make\Configuration\Model\Create $create, string $name" line-rate="1" branch-rate="0" complexity="1">
              <lines>
                <line number="65" hits="2"/>
                <line number="66" hits="2"/>
                <line number="68" hits="2"/>
              </lines>
            </method>
            <method name="analyze_casts" signature="Playground\Make\Configuration\Model\Create $create, string $name" line-rate="1" branch-rate="0" complexity="1">
              <lines>
                <line number="78" hits="2"/>
                <line number="79" hits="2"/>
                <line number="81" hits="2"/>
              </lines>
            </method>
            <method name="analyze_fillable" signature="Playground\Make\Configuration\Model\Create $create, string $name" line-rate="1" branch-rate="0" complexity="1">
              <lines>
                <line number="91" hits="2"/>
                <line number="92" hits="2"/>
                <line number="94" hits="2"/>
              </lines>
            </method>
            <method name="analyze_filters" signature="Playground\Make\Configuration\Model\Create $create, string $name" line-rate="0.9" branch-rate="0" complexity="29">
              <lines>
                <line number="104" hits="2"/>
                <line number="105" hits="2"/>
                <line number="107" hits="2"/>
                <line number="108" hits="0"/>
                <line number="113" hits="2"/>
                <line number="120" hits="1"/>
                <line number="121" hits="1"/>
                <line number="122" hits="1"/>
                <line number="135" hits="2"/>
                <line number="136" hits="1"/>
                <line number="137" hits="1"/>
                <line number="138" hits="1"/>
                <line number="151" hits="2"/>
                <line number="152" hits="1"/>
                <line number="153" hits="1"/>
                <line number="154" hits="1"/>
                <line number="183" hits="2"/>
                <line number="184" hits="1"/>
                <line number="185" hits="1"/>
                <line number="186" hits="1"/>
                <line number="205" hits="2"/>
                <line number="206" hits="1"/>
                <line number="207" hits="1"/>
                <line number="208" hits="1"/>
                <line number="221" hits="2"/>
                <line number="222" hits="1"/>
                <line number="223" hits="1"/>
                <line number="224" hits="1"/>
                <line number="237" hits="2"/>
                <line number="238" hits="0"/>
                <line number="239" hits="0"/>
                <line number="240" hits="0"/>
                <line number="253" hits="2"/>
                <line number="254" hits="1"/>
                <line number="255" hits="1"/>
                <line number="256" hits="1"/>
                <line number="269" hits="2"/>
                <line number="270" hits="1"/>
                <line number="271" hits="1"/>
                <line number="272" hits="1"/>
              </lines>
            </method>
            <method name="analyze_sortable" signature="Playground\Make\Configuration\Model\Create $create, string $name" line-rate="1" branch-rate="0" complexity="2">
              <lines>
                <line number="291" hits="2"/>
                <line number="292" hits="2"/>
                <line number="294" hits="2"/>
                <line number="295" hits="1"/>
              </lines>
            </method>
            <method name="analyze_scopes" signature="Playground\Make\Configuration\Model\Create $create, string $name" line-rate="1" branch-rate="0" complexity="2">
              <lines>
                <line number="306" hits="2"/>
                <line number="308" hits="2"/>
                <line number="309" hits="2"/>
                <line number="311" hits="2"/>
                <line number="312" hits="1"/>
              </lines>
            </method>
          </methods>
          <lines>
            <line number="28" hits="2"/>
            <line number="30" hits="2"/>
            <line number="31" hits="2"/>
            <line number="32" hits="2"/>
            <line number="33" hits="2"/>
            <line number="34" hits="2"/>
            <line number="35" hits="2"/>
            <line number="36" hits="2"/>
            <line number="41" hits="2"/>
            <line number="42" hits="2"/>
            <line number="43" hits="2"/>
            <line number="44" hits="2"/>
            <line number="45" hits="2"/>
            <line number="46" hits="2"/>
            <line number="47" hits="2"/>
            <line number="49" hits="2"/>
            <line number="50" hits="2"/>
            <line number="51" hits="2"/>
            <line number="52" hits="2"/>
            <line number="53" hits="2"/>
            <line number="54" hits="2"/>
            <line number="55" hits="2"/>
            <line number="56" hits="2"/>
            <line number="57" hits="2"/>
            <line number="58" hits="2"/>
            <line number="59" hits="2"/>
            <line number="60" hits="2"/>
            <line number="65" hits="2"/>
            <line number="66" hits="2"/>
            <line number="68" hits="2"/>
            <line number="78" hits="2"/>
            <line number="79" hits="2"/>
            <line number="81" hits="2"/>
            <line number="91" hits="2"/>
            <line number="92" hits="2"/>
            <line number="94" hits="2"/>
            <line number="104" hits="2"/>
            <line number="105" hits="2"/>
            <line number="107" hits="2"/>
            <line number="108" hits="0"/>
            <line number="113" hits="2"/>
            <line number="120" hits="1"/>
            <line number="121" hits="1"/>
            <line number="122" hits="1"/>
            <line number="135" hits="2"/>
            <line number="136" hits="1"/>
            <line number="137" hits="1"/>
            <line number="138" hits="1"/>
            <line number="151" hits="2"/>
            <line number="152" hits="1"/>
            <line number="153" hits="1"/>
            <line number="154" hits="1"/>
            <line number="183" hits="2"/>
            <line number="184" hits="1"/>
            <line number="185" hits="1"/>
            <line number="186" hits="1"/>
            <line number="205" hits="2"/>
            <line number="206" hits="1"/>
            <line number="207" hits="1"/>
            <line number="208" hits="1"/>
            <line number="221" hits="2"/>
            <line number="222" hits="1"/>
            <line number="223" hits="1"/>
            <line number="224" hits="1"/>
            <line number="237" hits="2"/>
            <line number="238" hits="0"/>
            <line number="239" hits="0"/>
            <line number="240" hits="0"/>
            <line number="253" hits="2"/>
            <line number="254" hits="1"/>
            <line number="255" hits="1"/>
            <line number="256" hits="1"/>
            <line number="269" hits="2"/>
            <line number="270" hits="1"/>
            <line number="271" hits="1"/>
            <line number="272" hits="1"/>
            <line number="291" hits="2"/>
            <line number="292" hits="2"/>
            <line number="294" hits="2"/>
            <line number="295" hits="1"/>
            <line number="306" hits="2"/>
            <line number="308" hits="2"/>
            <line number="309" hits="2"/>
            <line number="311" hits="2"/>
            <line number="312" hits="1"/>
          </lines>
        </class>
      </classes>
    </package>
    <package name="Building/BuildAttributes.php" line-rate="0.96" branch-rate="0" complexity="11">
      <classes>
        <class name="Playground\Make\Model\Building\BuildAttributes" filename="Building/BuildAttributes.php" line-rate="0.96" branch-rate="0" complexity="11">
          <methods>
            <method name="buildClass_attributes" signature="" line-rate="0.96" branch-rate="0" complexity="11">
              <lines>
                <line number="16" hits="18"/>
                <line number="17" hits="18"/>
                <line number="18" hits="10"/>
                <line number="21" hits="8"/>
                <line number="22" hits="7"/>
                <line number="23" hits="1"/>
                <line number="24" hits="0"/>
                <line number="27" hits="8"/>
                <line number="29" hits="8"/>
                <line number="31" hits="8"/>
                <line number="33" hits="8"/>
                <line number="34" hits="8"/>
                <line number="35" hits="8"/>
                <line number="36" hits="8"/>
                <line number="37" hits="8"/>
                <line number="38" hits="2"/>
                <line number="39" hits="8"/>
                <line number="40" hits="8"/>
                <line number="42" hits="8"/>
                <line number="45" hits="8"/>
                <line number="47" hits="8"/>
                <line number="52" hits="8"/>
                <line number="53" hits="8"/>
                <line number="54" hits="8"/>
                <line number="56" hits="8"/>
              </lines>
            </method>
          </methods>
          <lines>
            <line number="16" hits="18"/>
            <line number="17" hits="18"/>
            <line number="18" hits="10"/>
            <line number="21" hits="8"/>
            <line number="22" hits="7"/>
            <line number="23" hits="1"/>
            <line number="24" hits="0"/>
            <line number="27" hits="8"/>
            <line number="29" hits="8"/>
            <line number="31" hits="8"/>
            <line number="33" hits="8"/>
            <line number="34" hits="8"/>
            <line number="35" hits="8"/>
            <line number="36" hits="8"/>
            <line number="37" hits="8"/>
            <line number="38" hits="2"/>
            <line number="39" hits="8"/>
            <line number="40" hits="8"/>
            <line number="42" hits="8"/>
            <line number="45" hits="8"/>
            <line number="47" hits="8"/>
            <line number="52" hits="8"/>
            <line number="53" hits="8"/>
            <line number="54" hits="8"/>
            <line number="56" hits="8"/>
          </lines>
        </class>
      </classes>
    </package>
    <package name="Building/BuildCasts.php" line-rate="0.78947368421053" branch-rate="0" complexity="10">
      <classes>
        <class name="Playground\Make\Model\Building\BuildCasts" filename="Building/BuildCasts.php" line-rate="0.78947368421053" branch-rate="0" complexity="10">
          <methods>
            <method name="buildClass_casts" signature="" line-rate="0.78947368421053" branch-rate="0" complexity="10">
              <lines>
                <line number="16" hits="18"/>
                <line number="17" hits="10"/>
                <line number="20" hits="8"/>
                <line number="21" hits="8"/>
                <line number="22" hits="0"/>
                <line number="23" hits="0"/>
                <line number="24" hits="0"/>
                <line number="25" hits="0"/>
                <line number="28" hits="8"/>
                <line number="30" hits="8"/>
                <line number="31" hits="8"/>
                <line number="32" hits="8"/>
                <line number="33" hits="8"/>
                <line number="36" hits="8"/>
                <line number="38" hits="8"/>
                <line number="46" hits="8"/>
                <line number="47" hits="8"/>
                <line number="48" hits="8"/>
                <line number="50" hits="8"/>
              </lines>
            </method>
          </methods>
          <lines>
            <line number="16" hits="18"/>
            <line number="17" hits="10"/>
            <line number="20" hits="8"/>
            <line number="21" hits="8"/>
            <line number="22" hits="0"/>
            <line number="23" hits="0"/>
            <line number="24" hits="0"/>
            <line number="25" hits="0"/>
            <line number="28" hits="8"/>
            <line number="30" hits="8"/>
            <line number="31" hits="8"/>
            <line number="32" hits="8"/>
            <line number="33" hits="8"/>
            <line number="36" hits="8"/>
            <line number="38" hits="8"/>
            <line number="46" hits="8"/>
            <line number="47" hits="8"/>
            <line number="48" hits="8"/>
            <line number="50" hits="8"/>
          </lines>
        </class>
      </classes>
    </package>
    <package name="Building/BuildCreate.php" line-rate="0.375" branch-rate="0" complexity="3">
      <classes>
        <class name="Playground\Make\Model\Building\BuildCreate" filename="Building/BuildCreate.php" line-rate="0.375" branch-rate="0" complexity="3">
          <methods>
            <method name="buildClass_model_create" signature="string $name, string $type" line-rate="0.375" branch-rate="0" complexity="3">
              <lines>
                <line number="18" hits="1"/>
                <line number="19" hits="0"/>
                <line number="20" hits="0"/>
                <line number="21" hits="0"/>
                <line number="22" hits="0"/>
                <line number="23" hits="0"/>
                <line number="26" hits="1"/>
                <line number="28" hits="1"/>
              </lines>
            </method>
          </methods>
          <lines>
            <line number="18" hits="1"/>
            <line number="19" hits="0"/>
            <line number="20" hits="0"/>
            <line number="21" hits="0"/>
            <line number="22" hits="0"/>
            <line number="23" hits="0"/>
            <line number="26" hits="1"/>
            <line number="28" hits="1"/>
          </lines>
        </class>
      </classes>
    </package>
    <package name="Building/BuildDocBlock.php" line-rate="0.90944881889764" branch-rate="0" complexity="63">
      <classes>
        <class name="Playground\Make\Model\Building\BuildDocBlock" filename="Building/BuildDocBlock.php" line-rate="0.90944881889764" branch-rate="0" complexity="63">
          <methods>
            <method name="buildClass_docblock" signature="" line-rate="1" branch-rate="0" complexity="2">
              <lines>
                <line number="18" hits="18"/>
                <line number="20" hits="18"/>
                <line number="21" hits="10"/>
                <line number="24" hits="8"/>
                <line number="26" hits="8"/>
              </lines>
            </method>
            <method name="buildClass_docblock_properties" signature="Playground\Make\Configuration\Model\Create $create" line-rate="1" branch-rate="0" complexity="1">
              <lines>
                <line number="31" hits="8"/>
                <line number="32" hits="8"/>
                <line number="33" hits="8"/>
                <line number="34" hits="8"/>
                <line number="35" hits="8"/>
                <line number="36" hits="8"/>
                <line number="37" hits="8"/>
                <line number="38" hits="8"/>
                <line number="39" hits="8"/>
              </lines>
            </method>
            <method name="buildClass_docblock_ids" signature="Playground\Make\Configuration\Model\Create $create" line-rate="0.94117647058824" branch-rate="0" complexity="9">
              <lines>
                <line number="45" hits="8"/>
                <line number="46" hits="8"/>
                <line number="48" hits="7"/>
                <line number="49" hits="7"/>
                <line number="50" hits="7"/>
                <line number="51" hits="7"/>
                <line number="52" hits="7"/>
                <line number="53" hits="0"/>
                <line number="56" hits="7"/>
                <line number="57" hits="7"/>
                <line number="58" hits="7"/>
                <line number="59" hits="7"/>
                <line number="64" hits="8"/>
                <line number="65" hits="8"/>
                <line number="66" hits="8"/>
                <line number="72" hits="8"/>
                <line number="73" hits="8"/>
                <line number="75" hits="8"/>
                <line number="76" hits="8"/>
                <line number="77" hits="8"/>
                <line number="78" hits="8"/>
                <line number="79" hits="8"/>
                <line number="80" hits="8"/>
                <line number="81" hits="8"/>
                <line number="82" hits="8"/>
                <line number="83" hits="8"/>
                <line number="84" hits="8"/>
                <line number="85" hits="0"/>
                <line number="88" hits="8"/>
                <line number="89" hits="8"/>
                <line number="90" hits="8"/>
                <line number="91" hits="8"/>
                <line number="92" hits="8"/>
                <line number="93" hits="8"/>
              </lines>
            </method>
            <method name="buildClass_docblock_dates" signature="Playground\Make\Configuration\Model\Create $create" line-rate="1" branch-rate="0" complexity="5">
              <lines>
                <line number="100" hits="8"/>
                <line number="102" hits="7"/>
                <line number="103" hits="7"/>
                <line number="104" hits="7"/>
                <line number="105" hits="7"/>
                <line number="109" hits="8"/>
                <line number="111" hits="7"/>
                <line number="112" hits="7"/>
                <line number="116" hits="8"/>
                <line number="117" hits="8"/>
                <line number="119" hits="8"/>
                <line number="120" hits="8"/>
                <line number="121" hits="8"/>
                <line number="122" hits="8"/>
                <line number="123" hits="8"/>
                <line number="124" hits="8"/>
              </lines>
            </method>
            <method name="buildClass_docblock_permissions" signature="Playground\Make\Configuration\Model\Create $create" line-rate="1" branch-rate="0" complexity="5">
              <lines>
                <line number="130" hits="8"/>
                <line number="131" hits="8"/>
                <line number="132" hits="8"/>
                <line number="133" hits="8"/>
                <line number="134" hits="8"/>
                <line number="135" hits="8"/>
                <line number="136" hits="8"/>
                <line number="137" hits="8"/>
                <line number="138" hits="8"/>
                <line number="139" hits="8"/>
                <line number="140" hits="8"/>
                <line number="141" hits="8"/>
                <line number="142" hits="8"/>
                <line number="143" hits="8"/>
                <line number="146" hits="8"/>
                <line number="147" hits="8"/>
                <line number="148" hits="8"/>
                <line number="149" hits="8"/>
                <line number="150" hits="8"/>
                <line number="151" hits="8"/>
              </lines>
            </method>
            <method name="buildClass_docblock_status" signature="Playground\Make\Configuration\Model\Create $create" line-rate="0.8" branch-rate="0" complexity="5">
              <lines>
                <line number="157" hits="8"/>
                <line number="158" hits="8"/>
                <line number="159" hits="8"/>
                <line number="160" hits="8"/>
                <line number="161" hits="8"/>
                <line number="162" hits="8"/>
                <line number="163" hits="8"/>
                <line number="164" hits="8"/>
                <line number="165" hits="8"/>
                <line number="166" hits="8"/>
                <line number="167" hits="0"/>
                <line number="168" hits="0"/>
                <line number="169" hits="0"/>
                <line number="170" hits="0"/>
                <line number="173" hits="8"/>
                <line number="174" hits="8"/>
                <line number="175" hits="8"/>
                <line number="176" hits="8"/>
                <line number="177" hits="8"/>
                <line number="178" hits="8"/>
              </lines>
            </method>
            <method name="buildClass_docblock_flags" signature="Playground\Make\Configuration\Model\Create $create" line-rate="0.95" branch-rate="0" complexity="5">
              <lines>
                <line number="184" hits="8"/>
                <line number="185" hits="8"/>
                <line number="186" hits="8"/>
                <line number="187" hits="8"/>
                <line number="188" hits="8"/>
                <line number="189" hits="8"/>
                <line number="190" hits="8"/>
                <line number="191" hits="8"/>
                <line number="192" hits="8"/>
                <line number="193" hits="0"/>
                <line number="194" hits="8"/>
                <line number="195" hits="8"/>
                <line number="196" hits="8"/>
                <line number="197" hits="8"/>
                <line number="200" hits="8"/>
                <line number="201" hits="8"/>
                <line number="202" hits="8"/>
                <line number="203" hits="8"/>
                <line number="204" hits="8"/>
                <line number="205" hits="8"/>
              </lines>
            </method>
            <method name="buildClass_docblock_matrix" signature="Playground\Make\Configuration\Model\Create $create" line-rate="0.85294117647059" branch-rate="0" complexity="8">
              <lines>
                <line number="211" hits="8"/>
                <line number="212" hits="2"/>
                <line number="213" hits="2"/>
                <line number="214" hits="2"/>
                <line number="215" hits="2"/>
                <line number="216" hits="2"/>
                <line number="217" hits="2"/>
                <line number="218" hits="2"/>
                <line number="219" hits="2"/>
                <line number="220" hits="2"/>
                <line number="221" hits="2"/>
                <line number="222" hits="2"/>
                <line number="223" hits="2"/>
                <line number="224" hits="2"/>
                <line number="225" hits="2"/>
                <line number="226" hits="2"/>
                <line number="227" hits="2"/>
                <line number="228" hits="2"/>
                <line number="229" hits="2"/>
                <line number="230" hits="0"/>
                <line number="231" hits="2"/>
                <line number="232" hits="2"/>
                <line number="233" hits="2"/>
                <line number="234" hits="2"/>
                <line number="235" hits="0"/>
                <line number="236" hits="0"/>
                <line number="237" hits="0"/>
                <line number="238" hits="0"/>
                <line number="241" hits="2"/>
                <line number="242" hits="2"/>
                <line number="243" hits="2"/>
                <line number="244" hits="2"/>
                <line number="245" hits="2"/>
                <line number="246" hits="2"/>
              </lines>
            </method>
            <method name="buildClass_docblock_columns" signature="Playground\Make\Configuration\Model\Create $create" line-rate="0.85294117647059" branch-rate="0" complexity="8">
              <lines>
                <line number="252" hits="8"/>
                <line number="253" hits="8"/>
                <line number="254" hits="8"/>
                <line number="255" hits="8"/>
                <line number="256" hits="8"/>
                <line number="257" hits="8"/>
                <line number="258" hits="8"/>
                <line number="259" hits="8"/>
                <line number="260" hits="8"/>
                <line number="261" hits="0"/>
                <line number="262" hits="8"/>
                <line number="263" hits="8"/>
                <line number="264" hits="8"/>
                <line number="265" hits="8"/>
                <line number="266" hits="8"/>
                <line number="267" hits="0"/>
                <line number="268" hits="8"/>
                <line number="269" hits="8"/>
                <line number="270" hits="8"/>
                <line number="271" hits="0"/>
                <line number="272" hits="8"/>
                <line number="273" hits="8"/>
                <line number="274" hits="8"/>
                <line number="275" hits="0"/>
                <line number="276" hits="8"/>
                <line number="277" hits="8"/>
                <line number="278" hits="8"/>
                <line number="279" hits="0"/>
                <line number="282" hits="8"/>
                <line number="283" hits="8"/>
                <line number="284" hits="8"/>
                <line number="285" hits="8"/>
                <line number="286" hits="8"/>
                <line number="287" hits="8"/>
              </lines>
            </method>
            <method name="buildClass_docblock_ui" signature="Playground\Make\Configuration\Model\Create $create" line-rate="0.89285714285714" branch-rate="0" complexity="7">
              <lines>
                <line number="293" hits="8"/>
                <line number="294" hits="8"/>
                <line number="295" hits="8"/>
                <line number="296" hits="8"/>
                <line number="297" hits="8"/>
                <line number="298" hits="8"/>
                <line number="299" hits="8"/>
                <line number="300" hits="8"/>
                <line number="301" hits="8"/>
                <line number="302" hits="0"/>
                <line number="303" hits="8"/>
                <line number="304" hits="8"/>
                <line number="305" hits="8"/>
                <line number="306" hits="0"/>
                <line number="307" hits="8"/>
                <line number="308" hits="8"/>
                <line number="309" hits="8"/>
                <line number="310" hits="8"/>
                <line number="311" hits="8"/>
                <line number="312" hits="8"/>
                <line number="313" hits="8"/>
                <line number="314" hits="0"/>
                <line number="317" hits="8"/>
                <line number="318" hits="8"/>
                <line number="319" hits="8"/>
                <line number="320" hits="8"/>
                <line number="321" hits="8"/>
                <line number="322" hits="8"/>
              </lines>
            </method>
            <method name="buildClass_docblock_json" signature="Playground\Make\Configuration\Model\Create $create" line-rate="0.91176470588235" branch-rate="0" complexity="8">
              <lines>
                <line number="328" hits="8"/>
                <line number="329" hits="8"/>
                <line number="330" hits="8"/>
                <line number="331" hits="8"/>
                <line number="332" hits="8"/>
                <line number="333" hits="8"/>
                <line number="334" hits="8"/>
                <line number="335" hits="8"/>
                <line number="336" hits="8"/>
                <line number="337" hits="0"/>
                <line number="338" hits="8"/>
                <line number="339" hits="8"/>
                <line number="340" hits="8"/>
                <line number="341" hits="0"/>
                <line number="342" hits="8"/>
                <line number="343" hits="8"/>
                <line number="344" hits="8"/>
                <line number="345" hits="8"/>
                <line number="346" hits="8"/>
                <line number="347" hits="0"/>
                <line number="348" hits="8"/>
                <line number="349" hits="8"/>
                <line number="350" hits="8"/>
                <line number="351" hits="8"/>
                <line number="352" hits="8"/>
                <line number="353" hits="8"/>
                <line number="354" hits="8"/>
                <line number="355" hits="8"/>
                <line number="358" hits="8"/>
                <line number="359" hits="8"/>
                <line number="360" hits="8"/>
                <line number="361" hits="8"/>
                <line number="362" hits="8"/>
                <line number="363" hits="8"/>
              </lines>
            </method>
          </methods>
          <lines>
            <line number="18" hits="18"/>
            <line number="20" hits="18"/>
            <line number="21" hits="10"/>
            <line number="24" hits="8"/>
            <line number="26" hits="8"/>
            <line number="31" hits="8"/>
            <line number="32" hits="8"/>
            <line number="33" hits="8"/>
            <line number="34" hits="8"/>
            <line number="35" hits="8"/>
            <line number="36" hits="8"/>
            <line number="37" hits="8"/>
            <line number="38" hits="8"/>
            <line number="39" hits="8"/>
            <line number="45" hits="8"/>
            <line number="46" hits="8"/>
            <line number="48" hits="7"/>
            <line number="49" hits="7"/>
            <line number="50" hits="7"/>
            <line number="51" hits="7"/>
            <line number="52" hits="7"/>
            <line number="53" hits="0"/>
            <line number="56" hits="7"/>
            <line number="57" hits="7"/>
            <line number="58" hits="7"/>
            <line number="59" hits="7"/>
            <line number="64" hits="8"/>
            <line number="65" hits="8"/>
            <line number="66" hits="8"/>
            <line number="72" hits="8"/>
            <line number="73" hits="8"/>
            <line number="75" hits="8"/>
            <line number="76" hits="8"/>
            <line number="77" hits="8"/>
            <line number="78" hits="8"/>
            <line number="79" hits="8"/>
            <line number="80" hits="8"/>
            <line number="81" hits="8"/>
            <line number="82" hits="8"/>
            <line number="83" hits="8"/>
            <line number="84" hits="8"/>
            <line number="85" hits="0"/>
            <line number="88" hits="8"/>
            <line number="89" hits="8"/>
            <line number="90" hits="8"/>
            <line number="91" hits="8"/>
            <line number="92" hits="8"/>
            <line number="93" hits="8"/>
            <line number="100" hits="8"/>
            <line number="102" hits="7"/>
            <line number="103" hits="7"/>
            <line number="104" hits="7"/>
            <line number="105" hits="7"/>
            <line number="109" hits="8"/>
            <line number="111" hits="7"/>
            <line number="112" hits="7"/>
            <line number="116" hits="8"/>
            <line number="117" hits="8"/>
            <line number="119" hits="8"/>
            <line number="120" hits="8"/>
            <line number="121" hits="8"/>
            <line number="122" hits="8"/>
            <line number="123" hits="8"/>
            <line number="124" hits="8"/>
            <line number="130" hits="8"/>
            <line number="131" hits="8"/>
            <line number="132" hits="8"/>
            <line number="133" hits="8"/>
            <line number="134" hits="8"/>
            <line number="135" hits="8"/>
            <line number="136" hits="8"/>
            <line number="137" hits="8"/>
            <line number="138" hits="8"/>
            <line number="139" hits="8"/>
            <line number="140" hits="8"/>
            <line number="141" hits="8"/>
            <line number="142" hits="8"/>
            <line number="143" hits="8"/>
            <line number="146" hits="8"/>
            <line number="147" hits="8"/>
            <line number="148" hits="8"/>
            <line number="149" hits="8"/>
            <line number="150" hits="8"/>
            <line number="151" hits="8"/>
            <line number="157" hits="8"/>
            <line number="158" hits="8"/>
            <line number="159" hits="8"/>
            <line number="160" hits="8"/>
            <line number="161" hits="8"/>
            <line number="162" hits="8"/>
            <line number="163" hits="8"/>
            <line number="164" hits="8"/>
            <line number="165" hits="8"/>
            <line number="166" hits="8"/>
            <line number="167" hits="0"/>
            <line number="168" hits="0"/>
            <line number="169" hits="0"/>
            <line number="170" hits="0"/>
            <line number="173" hits="8"/>
            <line number="174" hits="8"/>
            <line number="175" hits="8"/>
            <line number="176" hits="8"/>
            <line number="177" hits="8"/>
            <line number="178" hits="8"/>
            <line number="184" hits="8"/>
            <line number="185" hits="8"/>
            <line number="186" hits="8"/>
            <line number="187" hits="8"/>
            <line number="188" hits="8"/>
            <line number="189" hits="8"/>
            <line number="190" hits="8"/>
            <line number="191" hits="8"/>
            <line number="192" hits="8"/>
            <line number="193" hits="0"/>
            <line number="194" hits="8"/>
            <line number="195" hits="8"/>
            <line number="196" hits="8"/>
            <line number="197" hits="8"/>
            <line number="200" hits="8"/>
            <line number="201" hits="8"/>
            <line number="202" hits="8"/>
            <line number="203" hits="8"/>
            <line number="204" hits="8"/>
            <line number="205" hits="8"/>
            <line number="211" hits="8"/>
            <line number="212" hits="2"/>
            <line number="213" hits="2"/>
            <line number="214" hits="2"/>
            <line number="215" hits="2"/>
            <line number="216" hits="2"/>
            <line number="217" hits="2"/>
            <line number="218" hits="2"/>
            <line number="219" hits="2"/>
            <line number="220" hits="2"/>
            <line number="221" hits="2"/>
            <line number="222" hits="2"/>
            <line number="223" hits="2"/>
            <line number="224" hits="2"/>
            <line number="225" hits="2"/>
            <line number="226" hits="2"/>
            <line number="227" hits="2"/>
            <line number="228" hits="2"/>
            <line number="229" hits="2"/>
            <line number="230" hits="0"/>
            <line number="231" hits="2"/>
            <line number="232" hits="2"/>
            <line number="233" hits="2"/>
            <line number="234" hits="2"/>
            <line number="235" hits="0"/>
            <line number="236" hits="0"/>
            <line number="237" hits="0"/>
            <line number="238" hits="0"/>
            <line number="241" hits="2"/>
            <line number="242" hits="2"/>
            <line number="243" hits="2"/>
            <line number="244" hits="2"/>
            <line number="245" hits="2"/>
            <line number="246" hits="2"/>
            <line number="252" hits="8"/>
            <line number="253" hits="8"/>
            <line number="254" hits="8"/>
            <line number="255" hits="8"/>
            <line number="256" hits="8"/>
            <line number="257" hits="8"/>
            <line number="258" hits="8"/>
            <line number="259" hits="8"/>
            <line number="260" hits="8"/>
            <line number="261" hits="0"/>
            <line number="262" hits="8"/>
            <line number="263" hits="8"/>
            <line number="264" hits="8"/>
            <line number="265" hits="8"/>
            <line number="266" hits="8"/>
            <line number="267" hits="0"/>
            <line number="268" hits="8"/>
            <line number="269" hits="8"/>
            <line number="270" hits="8"/>
            <line number="271" hits="0"/>
            <line number="272" hits="8"/>
            <line number="273" hits="8"/>
            <line number="274" hits="8"/>
            <line number="275" hits="0"/>
            <line number="276" hits="8"/>
            <line number="277" hits="8"/>
            <line number="278" hits="8"/>
            <line number="279" hits="0"/>
            <line number="282" hits="8"/>
            <line number="283" hits="8"/>
            <line number="284" hits="8"/>
            <line number="285" hits="8"/>
            <line number="286" hits="8"/>
            <line number="287" hits="8"/>
            <line number="293" hits="8"/>
            <line number="294" hits="8"/>
            <line number="295" hits="8"/>
            <line number="296" hits="8"/>
            <line number="297" hits="8"/>
            <line number="298" hits="8"/>
            <line number="299" hits="8"/>
            <line number="300" hits="8"/>
            <line number="301" hits="8"/>
            <line number="302" hits="0"/>
            <line number="303" hits="8"/>
            <line number="304" hits="8"/>
            <line number="305" hits="8"/>
            <line number="306" hits="0"/>
            <line number="307" hits="8"/>
            <line number="308" hits="8"/>
            <line number="309" hits="8"/>
            <line number="310" hits="8"/>
            <line number="311" hits="8"/>
            <line number="312" hits="8"/>
            <line number="313" hits="8"/>
            <line number="314" hits="0"/>
            <line number="317" hits="8"/>
            <line number="318" hits="8"/>
            <line number="319" hits="8"/>
            <line number="320" hits="8"/>
            <line number="321" hits="8"/>
            <line number="322" hits="8"/>
            <line number="328" hits="8"/>
            <line number="329" hits="8"/>
            <line number="330" hits="8"/>
            <line number="331" hits="8"/>
            <line number="332" hits="8"/>
            <line number="333" hits="8"/>
            <line number="334" hits="8"/>
            <line number="335" hits="8"/>
            <line number="336" hits="8"/>
            <line number="337" hits="0"/>
            <line number="338" hits="8"/>
            <line number="339" hits="8"/>
            <line number="340" hits="8"/>
            <line number="341" hits="0"/>
            <line number="342" hits="8"/>
            <line number="343" hits="8"/>
            <line number="344" hits="8"/>
            <line number="345" hits="8"/>
            <line number="346" hits="8"/>
            <line number="347" hits="0"/>
            <line number="348" hits="8"/>
            <line number="349" hits="8"/>
            <line number="350" hits="8"/>
            <line number="351" hits="8"/>
            <line number="352" hits="8"/>
            <line number="353" hits="8"/>
            <line number="354" hits="8"/>
            <line number="355" hits="8"/>
            <line number="358" hits="8"/>
            <line number="359" hits="8"/>
            <line number="360" hits="8"/>
            <line number="361" hits="8"/>
            <line number="362" hits="8"/>
            <line number="363" hits="8"/>
          </lines>
        </class>
      </classes>
    </package>
    <package name="Building/BuildFillable.php" line-rate="0.77272727272727" branch-rate="0" complexity="13">
      <classes>
        <class name="Playground\Make\Model\Building\BuildFillable" filename="Building/BuildFillable.php" line-rate="0.77272727272727" branch-rate="0" complexity="13">
          <methods>
            <method name="buildClass_fillable" signature="" line-rate="0.77272727272727" branch-rate="0" complexity="13">
              <lines>
                <line number="16" hits="18"/>
                <line number="17" hits="18"/>
                <line number="18" hits="10"/>
                <line number="21" hits="8"/>
                <line number="22" hits="0"/>
                <line number="23" hits="8"/>
                <line number="24" hits="8"/>
                <line number="25" hits="0"/>
                <line number="26" hits="0"/>
                <line number="27" hits="0"/>
                <line number="28" hits="0"/>
                <line number="31" hits="8"/>
                <line number="33" hits="8"/>
                <line number="34" hits="8"/>
                <line number="35" hits="8"/>
                <line number="36" hits="8"/>
                <line number="39" hits="8"/>
                <line number="41" hits="8"/>
                <line number="46" hits="8"/>
                <line number="47" hits="8"/>
                <line number="48" hits="8"/>
                <line number="50" hits="8"/>
              </lines>
            </method>
          </methods>
          <lines>
            <line number="16" hits="18"/>
            <line number="17" hits="18"/>
            <line number="18" hits="10"/>
            <line number="21" hits="8"/>
            <line number="22" hits="0"/>
            <line number="23" hits="8"/>
            <line number="24" hits="8"/>
            <line number="25" hits="0"/>
            <line number="26" hits="0"/>
            <line number="27" hits="0"/>
            <line number="28" hits="0"/>
            <line number="31" hits="8"/>
            <line number="33" hits="8"/>
            <line number="34" hits="8"/>
            <line number="35" hits="8"/>
            <line number="36" hits="8"/>
            <line number="39" hits="8"/>
            <line number="41" hits="8"/>
            <line number="46" hits="8"/>
            <line number="47" hits="8"/>
            <line number="48" hits="8"/>
            <line number="50" hits="8"/>
          </lines>
        </class>
      </classes>
    </package>
    <package name="Building/BuildPerPage.php" line-rate="0.45454545454545" branch-rate="0" complexity="5">
      <classes>
        <class name="Playground\Make\Model\Building\BuildPerPage" filename="Building/BuildPerPage.php" line-rate="0.45454545454545" branch-rate="0" complexity="5">
          <methods>
            <method name="buildClass_perPage" signature="" line-rate="0.45454545454545" branch-rate="0" complexity="5">
              <lines>
                <line number="16" hits="18"/>
                <line number="18" hits="18"/>
                <line number="19" hits="18"/>
                <line number="21" hits="18"/>
                <line number="23" hits="0"/>
                <line number="25" hits="0"/>
                <line number="26" hits="0"/>
                <line number="27" hits="0"/>
                <line number="28" hits="0"/>
                <line number="29" hits="0"/>
                <line number="31" hits="18"/>
              </lines>
            </method>
          </methods>
          <lines>
            <line number="16" hits="18"/>
            <line number="18" hits="18"/>
            <line number="19" hits="18"/>
            <line number="21" hits="18"/>
            <line number="23" hits="0"/>
            <line number="25" hits="0"/>
            <line number="26" hits="0"/>
            <line number="27" hits="0"/>
            <line number="28" hits="0"/>
            <line number="29" hits="0"/>
            <line number="31" hits="18"/>
          </lines>
        </class>
      </classes>
    </package>
    <package name="Building/BuildRelationships.php" line-rate="0.8030303030303" branch-rate="0" complexity="17">
      <classes>
        <class name="Playground\Make\Model\Building\BuildRelationships" filename="Building/BuildRelationships.php" line-rate="0.8030303030303" branch-rate="0" complexity="17">
          <methods>
            <method name="buildClass_HasMany" signature="" line-rate="1" branch-rate="0" complexity="5">
              <lines>
                <line number="20" hits="18"/>
                <line number="22" hits="18"/>
                <line number="23" hits="11"/>
                <line number="26" hits="7"/>
                <line number="27" hits="7"/>
                <line number="30" hits="7"/>
                <line number="38" hits="7"/>
                <line number="39" hits="7"/>
                <line number="40" hits="7"/>
                <line number="41" hits="7"/>
                <line number="42" hits="7"/>
                <line number="43" hits="7"/>
              </lines>
            </method>
            <method name="buildClass_HasMany_print" signature="string $method, Playground\Make\Configuration\Model\HasMany $HasMany" line-rate="0.90909090909091" branch-rate="0" complexity="2">
              <lines>
                <line number="50" hits="7"/>
                <line number="52" hits="7"/>
                <line number="53" hits="0"/>
                <line number="56" hits="7"/>
                <line number="59" hits="7"/>
                <line number="61" hits="7"/>
                <line number="63" hits="7"/>
                <line number="66" hits="7"/>
                <line number="67" hits="7"/>
                <line number="68" hits="7"/>
                <line number="71" hits="7"/>
              </lines>
            </method>
            <method name="buildClass_HasOne" signature="" line-rate="0.95454545454545" branch-rate="0" complexity="6">
              <lines>
                <line number="76" hits="18"/>
                <line number="77" hits="18"/>
                <line number="78" hits="11"/>
                <line number="81" hits="7"/>
                <line number="83" hits="7"/>
                <line number="99" hits="7"/>
                <line number="100" hits="7"/>
                <line number="101" hits="7"/>
                <line number="102" hits="7"/>
                <line number="103" hits="7"/>
                <line number="104" hits="7"/>
                <line number="105" hits="7"/>
                <line number="106" hits="7"/>
                <line number="114" hits="7"/>
                <line number="115" hits="7"/>
                <line number="116" hits="7"/>
                <line number="117" hits="7"/>
                <line number="118" hits="7"/>
                <line number="119" hits="0"/>
                <line number="121" hits="7"/>
                <line number="123" hits="7"/>
                <line number="124" hits="7"/>
              </lines>
            </method>
            <method name="buildClass_HasOne_print" signature="string $method, Playground\Make\Configuration\Model\HasOne $HasOne" line-rate="0.90909090909091" branch-rate="0" complexity="2">
              <lines>
                <line number="131" hits="7"/>
                <line number="133" hits="7"/>
                <line number="134" hits="0"/>
                <line number="137" hits="7"/>
                <line number="140" hits="7"/>
                <line number="142" hits="7"/>
                <line number="144" hits="7"/>
                <line number="147" hits="7"/>
                <line number="148" hits="7"/>
                <line number="149" hits="7"/>
                <line number="152" hits="7"/>
              </lines>
            </method>
            <method name="buildClass_HasOne_print_user" signature="string $method, Playground\Make\Configuration\Model\HasOne $HasOne" line-rate="0" branch-rate="0" complexity="2">
              <lines>
                <line number="157" hits="0"/>
                <line number="159" hits="0"/>
                <line number="160" hits="0"/>
                <line number="162" hits="0"/>
                <line number="164" hits="0"/>
                <line number="167" hits="0"/>
                <line number="171" hits="0"/>
                <line number="180" hits="0"/>
                <line number="181" hits="0"/>
                <line number="184" hits="0"/>
              </lines>
            </method>
          </methods>
          <lines>
            <line number="20" hits="18"/>
            <line number="22" hits="18"/>
            <line number="23" hits="11"/>
            <line number="26" hits="7"/>
            <line number="27" hits="7"/>
            <line number="30" hits="7"/>
            <line number="38" hits="7"/>
            <line number="39" hits="7"/>
            <line number="40" hits="7"/>
            <line number="41" hits="7"/>
            <line number="42" hits="7"/>
            <line number="43" hits="7"/>
            <line number="50" hits="7"/>
            <line number="52" hits="7"/>
            <line number="53" hits="0"/>
            <line number="56" hits="7"/>
            <line number="59" hits="7"/>
            <line number="61" hits="7"/>
            <line number="63" hits="7"/>
            <line number="66" hits="7"/>
            <line number="67" hits="7"/>
            <line number="68" hits="7"/>
            <line number="71" hits="7"/>
            <line number="76" hits="18"/>
            <line number="77" hits="18"/>
            <line number="78" hits="11"/>
            <line number="81" hits="7"/>
            <line number="83" hits="7"/>
            <line number="99" hits="7"/>
            <line number="100" hits="7"/>
            <line number="101" hits="7"/>
            <line number="102" hits="7"/>
            <line number="103" hits="7"/>
            <line number="104" hits="7"/>
            <line number="105" hits="7"/>
            <line number="106" hits="7"/>
            <line number="114" hits="7"/>
            <line number="115" hits="7"/>
            <line number="116" hits="7"/>
            <line number="117" hits="7"/>
            <line number="118" hits="7"/>
            <line number="119" hits="0"/>
            <line number="121" hits="7"/>
            <line number="123" hits="7"/>
            <line number="124" hits="7"/>
            <line number="131" hits="7"/>
            <line number="133" hits="7"/>
            <line number="134" hits="0"/>
            <line number="137" hits="7"/>
            <line number="140" hits="7"/>
            <line number="142" hits="7"/>
            <line number="144" hits="7"/>
            <line number="147" hits="7"/>
            <line number="148" hits="7"/>
            <line number="149" hits="7"/>
            <line number="152" hits="7"/>
            <line number="157" hits="0"/>
            <line number="159" hits="0"/>
            <line number="160" hits="0"/>
            <line number="162" hits="0"/>
            <line number="164" hits="0"/>
            <line number="167" hits="0"/>
            <line number="171" hits="0"/>
            <line number="180" hits="0"/>
            <line number="181" hits="0"/>
            <line number="184" hits="0"/>
          </lines>
        </class>
      </classes>
    </package>
    <package name="Building/BuildTable.php" line-rate="0.20408163265306" branch-rate="0" complexity="13">
      <classes>
        <class name="Playground\Make\Model\Building\BuildTable" filename="Building/BuildTable.php" line-rate="0.20408163265306" branch-rate="0" complexity="13">
          <methods>
            <method name="buildClass_model_table" signature="string $name, string $type, string $module_slug" line-rate="0" branch-rate="0" complexity="10">
              <lines>
                <line number="22" hits="0"/>
                <line number="24" hits="0"/>
                <line number="25" hits="0"/>
                <line number="28" hits="0"/>
                <line number="29" hits="0"/>
                <line number="31" hits="0"/>
                <line number="32" hits="0"/>
                <line number="35" hits="0"/>
                <line number="37" hits="0"/>
                <line number="40" hits="0"/>
                <line number="41" hits="0"/>
                <line number="42" hits="0"/>
                <line number="43" hits="0"/>
                <line number="44" hits="0"/>
                <line number="45" hits="0"/>
                <line number="46" hits="0"/>
                <line number="47" hits="0"/>
                <line number="48" hits="0"/>
                <line number="49" hits="0"/>
                <line number="51" hits="0"/>
                <line number="55" hits="0"/>
                <line number="56" hits="0"/>
                <line number="57" hits="0"/>
                <line number="58" hits="0"/>
                <line number="59" hits="0"/>
                <line number="60" hits="0"/>
                <line number="63" hits="0"/>
                <line number="64" hits="0"/>
                <line number="65" hits="0"/>
                <line number="66" hits="0"/>
                <line number="67" hits="0"/>
                <line number="68" hits="0"/>
                <line number="69" hits="0"/>
                <line number="70" hits="0"/>
                <line number="71" hits="0"/>
                <line number="72" hits="0"/>
                <line number="73" hits="0"/>
                <line number="76" hits="0"/>
                <line number="77" hits="0"/>
              </lines>
            </method>
            <method name="buildClass_table_property" signature="" line-rate="1" branch-rate="0" complexity="3">
              <lines>
                <line number="83" hits="18"/>
                <line number="85" hits="18"/>
                <line number="87" hits="18"/>
                <line number="88" hits="7"/>
                <line number="90" hits="7"/>
                <line number="91" hits="7"/>
                <line number="92" hits="7"/>
                <line number="93" hits="7"/>
                <line number="94" hits="7"/>
                <line number="96" hits="11"/>
              </lines>
            </method>
          </methods>
          <lines>
            <line number="22" hits="0"/>
            <line number="24" hits="0"/>
            <line number="25" hits="0"/>
            <line number="28" hits="0"/>
            <line number="29" hits="0"/>
            <line number="31" hits="0"/>
            <line number="32" hits="0"/>
            <line number="35" hits="0"/>
            <line number="37" hits="0"/>
            <line number="40" hits="0"/>
            <line number="41" hits="0"/>
            <line number="42" hits="0"/>
            <line number="43" hits="0"/>
            <line number="44" hits="0"/>
            <line number="45" hits="0"/>
            <line number="46" hits="0"/>
            <line number="47" hits="0"/>
            <line number="48" hits="0"/>
            <line number="49" hits="0"/>
            <line number="51" hits="0"/>
            <line number="55" hits="0"/>
            <line number="56" hits="0"/>
            <line number="57" hits="0"/>
            <line number="58" hits="0"/>
            <line number="59" hits="0"/>
            <line number="60" hits="0"/>
            <line number="63" hits="0"/>
            <line number="64" hits="0"/>
            <line number="65" hits="0"/>
            <line number="66" hits="0"/>
            <line number="67" hits="0"/>
            <line number="68" hits="0"/>
            <line number="69" hits="0"/>
            <line number="70" hits="0"/>
            <line number="71" hits="0"/>
            <line number="72" hits="0"/>
            <line number="73" hits="0"/>
            <line number="76" hits="0"/>
            <line number="77" hits="0"/>
            <line number="83" hits="18"/>
            <line number="85" hits="18"/>
            <line number="87" hits="18"/>
            <line number="88" hits="7"/>
            <line number="90" hits="7"/>
            <line number="91" hits="7"/>
            <line number="92" hits="7"/>
            <line number="93" hits="7"/>
            <line number="94" hits="7"/>
            <line number="96" hits="11"/>
          </lines>
        </class>
      </classes>
    </package>
    <package name="Building/MakeCommands.php" line-rate="0.44274809160305" branch-rate="0" complexity="46">
      <classes>
        <class name="Playground\Make\Model\Building\MakeCommands" filename="Building/MakeCommands.php" line-rate="0.44274809160305" branch-rate="0" complexity="46">
          <methods>
            <method name="createFactory" signature="" line-rate="0.94444444444444" branch-rate="0" complexity="7">
              <lines>
                <line number="23" hits="8"/>
                <line number="24" hits="8"/>
                <line number="26" hits="8"/>
                <line number="27" hits="8"/>
                <line number="28" hits="8"/>
                <line number="29" hits="8"/>
                <line number="30" hits="8"/>
                <line number="31" hits="8"/>
                <line number="32" hits="8"/>
                <line number="33" hits="8"/>
                <line number="34" hits="8"/>
                <line number="35" hits="8"/>
                <line number="36" hits="8"/>
                <line number="38" hits="8"/>
                <line number="39" hits="8"/>
                <line number="42" hits="8"/>
                <line number="43" hits="0"/>
                <line number="46" hits="8"/>
              </lines>
            </method>
            <method name="createMigration" signature="" line-rate="1" branch-rate="0" complexity="5">
              <lines>
                <line number="56" hits="12"/>
                <line number="57" hits="12"/>
                <line number="59" hits="12"/>
                <line number="60" hits="12"/>
                <line number="61" hits="12"/>
                <line number="62" hits="12"/>
                <line number="63" hits="12"/>
                <line number="64" hits="12"/>
                <line number="65" hits="12"/>
                <line number="66" hits="12"/>
                <line number="67" hits="12"/>
                <line number="68" hits="12"/>
                <line number="69" hits="12"/>
                <line number="70" hits="12"/>
                <line number="72" hits="12"/>
                <line number="73" hits="12"/>
                <line number="76" hits="12"/>
              </lines>
            </method>
            <method name="createController" signature="" line-rate="0" branch-rate="0" complexity="17">
              <lines>
                <line number="88" hits="0"/>
                <line number="89" hits="0"/>
                <line number="90" hits="0"/>
                <line number="92" hits="0"/>
                <line number="93" hits="0"/>
                <line number="94" hits="0"/>
                <line number="95" hits="0"/>
                <line number="96" hits="0"/>
                <line number="97" hits="0"/>
                <line number="98" hits="0"/>
                <line number="101" hits="0"/>
                <line number="102" hits="0"/>
                <line number="103" hits="0"/>
                <line number="104" hits="0"/>
                <line number="105" hits="0"/>
                <line number="106" hits="0"/>
                <line number="110" hits="0"/>
                <line number="111" hits="0"/>
                <line number="112" hits="0"/>
                <line number="113" hits="0"/>
                <line number="114" hits="0"/>
                <line number="115" hits="0"/>
                <line number="116" hits="0"/>
                <line number="117" hits="0"/>
                <line number="118" hits="0"/>
                <line number="119" hits="0"/>
                <line number="120" hits="0"/>
                <line number="121" hits="0"/>
                <line number="123" hits="0"/>
                <line number="124" hits="0"/>
                <line number="125" hits="0"/>
                <line number="126" hits="0"/>
                <line number="131" hits="0"/>
                <line number="132" hits="0"/>
                <line number="135" hits="0"/>
                <line number="136" hits="0"/>
                <line number="139" hits="0"/>
                <line number="140" hits="0"/>
                <line number="151" hits="0"/>
              </lines>
            </method>
            <method name="createPolicy" signature="" line-rate="0" branch-rate="0" complexity="5">
              <lines>
                <line number="161" hits="0"/>
                <line number="162" hits="0"/>
                <line number="164" hits="0"/>
                <line number="165" hits="0"/>
                <line number="166" hits="0"/>
                <line number="167" hits="0"/>
                <line number="168" hits="0"/>
                <line number="169" hits="0"/>
                <line number="170" hits="0"/>
                <line number="171" hits="0"/>
                <line number="172" hits="0"/>
                <line number="173" hits="0"/>
                <line number="174" hits="0"/>
                <line number="176" hits="0"/>
                <line number="177" hits="0"/>
                <line number="180" hits="0"/>
              </lines>
            </method>
            <method name="createSeeder" signature="" line-rate="0" branch-rate="0" complexity="5">
              <lines>
                <line number="190" hits="0"/>
                <line number="191" hits="0"/>
                <line number="193" hits="0"/>
                <line number="194" hits="0"/>
                <line number="195" hits="0"/>
                <line number="196" hits="0"/>
                <line number="197" hits="0"/>
                <line number="198" hits="0"/>
                <line number="199" hits="0"/>
                <line number="200" hits="0"/>
                <line number="201" hits="0"/>
                <line number="202" hits="0"/>
                <line number="203" hits="0"/>
                <line number="205" hits="0"/>
                <line number="206" hits="0"/>
                <line number="209" hits="0"/>
              </lines>
            </method>
            <method name="createTest" signature="" line-rate="0.96" branch-rate="0" complexity="7">
              <lines>
                <line number="230" hits="7"/>
                <line number="231" hits="7"/>
                <line number="233" hits="7"/>
                <line number="235" hits="7"/>
                <line number="236" hits="7"/>
                <line number="239" hits="7"/>
                <line number="240" hits="0"/>
                <line number="243" hits="7"/>
                <line number="244" hits="7"/>
                <line number="245" hits="7"/>
                <line number="246" hits="7"/>
                <line number="247" hits="7"/>
                <line number="248" hits="7"/>
                <line number="249" hits="7"/>
                <line number="250" hits="7"/>
                <line number="251" hits="7"/>
                <line number="252" hits="7"/>
                <line number="254" hits="7"/>
                <line number="255" hits="5"/>
                <line number="258" hits="7"/>
                <line number="259" hits="7"/>
                <line number="266" hits="7"/>
                <line number="267" hits="7"/>
                <line number="269" hits="7"/>
                <line number="270" hits="7"/>
              </lines>
            </method>
          </methods>
          <lines>
            <line number="23" hits="8"/>
            <line number="24" hits="8"/>
            <line number="26" hits="8"/>
            <line number="27" hits="8"/>
            <line number="28" hits="8"/>
            <line number="29" hits="8"/>
            <line number="30" hits="8"/>
            <line number="31" hits="8"/>
            <line number="32" hits="8"/>
            <line number="33" hits="8"/>
            <line number="34" hits="8"/>
            <line number="35" hits="8"/>
            <line number="36" hits="8"/>
            <line number="38" hits="8"/>
            <line number="39" hits="8"/>
            <line number="42" hits="8"/>
            <line number="43" hits="0"/>
            <line number="46" hits="8"/>
            <line number="56" hits="12"/>
            <line number="57" hits="12"/>
            <line number="59" hits="12"/>
            <line number="60" hits="12"/>
            <line number="61" hits="12"/>
            <line number="62" hits="12"/>
            <line number="63" hits="12"/>
            <line number="64" hits="12"/>
            <line number="65" hits="12"/>
            <line number="66" hits="12"/>
            <line number="67" hits="12"/>
            <line number="68" hits="12"/>
            <line number="69" hits="12"/>
            <line number="70" hits="12"/>
            <line number="72" hits="12"/>
            <line number="73" hits="12"/>
            <line number="76" hits="12"/>
            <line number="88" hits="0"/>
            <line number="89" hits="0"/>
            <line number="90" hits="0"/>
            <line number="92" hits="0"/>
            <line number="93" hits="0"/>
            <line number="94" hits="0"/>
            <line number="95" hits="0"/>
            <line number="96" hits="0"/>
            <line number="97" hits="0"/>
            <line number="98" hits="0"/>
            <line number="101" hits="0"/>
            <line number="102" hits="0"/>
            <line number="103" hits="0"/>
            <line number="104" hits="0"/>
            <line number="105" hits="0"/>
            <line number="106" hits="0"/>
            <line number="110" hits="0"/>
            <line number="111" hits="0"/>
            <line number="112" hits="0"/>
            <line number="113" hits="0"/>
            <line number="114" hits="0"/>
            <line number="115" hits="0"/>
            <line number="116" hits="0"/>
            <line number="117" hits="0"/>
            <line number="118" hits="0"/>
            <line number="119" hits="0"/>
            <line number="120" hits="0"/>
            <line number="121" hits="0"/>
            <line number="123" hits="0"/>
            <line number="124" hits="0"/>
            <line number="125" hits="0"/>
            <line number="126" hits="0"/>
            <line number="131" hits="0"/>
            <line number="132" hits="0"/>
            <line number="135" hits="0"/>
            <line number="136" hits="0"/>
            <line number="139" hits="0"/>
            <line number="140" hits="0"/>
            <line number="151" hits="0"/>
            <line number="161" hits="0"/>
            <line number="162" hits="0"/>
            <line number="164" hits="0"/>
            <line number="165" hits="0"/>
            <line number="166" hits="0"/>
            <line number="167" hits="0"/>
            <line number="168" hits="0"/>
            <line number="169" hits="0"/>
            <line number="170" hits="0"/>
            <line number="171" hits="0"/>
            <line number="172" hits="0"/>
            <line number="173" hits="0"/>
            <line number="174" hits="0"/>
            <line number="176" hits="0"/>
            <line number="177" hits="0"/>
            <line number="180" hits="0"/>
            <line number="190" hits="0"/>
            <line number="191" hits="0"/>
            <line number="193" hits="0"/>
            <line number="194" hits="0"/>
            <line number="195" hits="0"/>
            <line number="196" hits="0"/>
            <line number="197" hits="0"/>
            <line number="198" hits="0"/>
            <line number="199" hits="0"/>
            <line number="200" hits="0"/>
            <line number="201" hits="0"/>
            <line number="202" hits="0"/>
            <line number="203" hits="0"/>
            <line number="205" hits="0"/>
            <line number="206" hits="0"/>
            <line number="209" hits="0"/>
            <line number="230" hits="7"/>
            <line number="231" hits="7"/>
            <line number="233" hits="7"/>
            <line number="235" hits="7"/>
            <line number="236" hits="7"/>
            <line number="239" hits="7"/>
            <line number="240" hits="0"/>
            <line number="243" hits="7"/>
            <line number="244" hits="7"/>
            <line number="245" hits="7"/>
            <line number="246" hits="7"/>
            <line number="247" hits="7"/>
            <line number="248" hits="7"/>
            <line number="249" hits="7"/>
            <line number="250" hits="7"/>
            <line number="251" hits="7"/>
            <line number="252" hits="7"/>
            <line number="254" hits="7"/>
            <line number="255" hits="5"/>
            <line number="258" hits="7"/>
            <line number="259" hits="7"/>
            <line number="266" hits="7"/>
            <line number="267" hits="7"/>
            <line number="269" hits="7"/>
            <line number="270" hits="7"/>
          </lines>
        </class>
      </classes>
    </package>
    <package name="Building/MakeSkeleton.php" line-rate="0.80769230769231" branch-rate="0" complexity="3">
      <classes>
        <class name="Playground\Make\Model\Building\MakeSkeleton" filename="Building/MakeSkeleton.php" line-rate="0.80769230769231" branch-rate="0" complexity="3">
          <methods>
            <method name="buildClass_skeleton" signature="" line-rate="0.80769230769231" branch-rate="0" complexity="3">
              <lines>
                <line number="16" hits="2"/>
                <line number="18" hits="2"/>
                <line number="19" hits="2"/>
                <line number="28" hits="2"/>
                <line number="29" hits="1"/>
                <line number="32" hits="2"/>
                <line number="34" hits="2"/>
                <line number="36" hits="2"/>
                <line number="37" hits="0"/>
                <line number="38" hits="0"/>
                <line number="39" hits="0"/>
                <line number="40" hits="0"/>
                <line number="41" hits="0"/>
                <line number="44" hits="2"/>
                <line number="46" hits="2"/>
                <line number="48" hits="2"/>
                <line number="50" hits="2"/>
                <line number="52" hits="2"/>
                <line number="54" hits="2"/>
                <line number="56" hits="2"/>
                <line number="58" hits="2"/>
                <line number="60" hits="2"/>
                <line number="62" hits="2"/>
                <line number="64" hits="2"/>
                <line number="66" hits="2"/>
                <line number="68" hits="2"/>
              </lines>
            </method>
          </methods>
          <lines>
            <line number="16" hits="2"/>
            <line number="18" hits="2"/>
            <line number="19" hits="2"/>
            <line number="28" hits="2"/>
            <line number="29" hits="1"/>
            <line number="32" hits="2"/>
            <line number="34" hits="2"/>
            <line number="36" hits="2"/>
            <line number="37" hits="0"/>
            <line number="38" hits="0"/>
            <line number="39" hits="0"/>
            <line number="40" hits="0"/>
            <line number="41" hits="0"/>
            <line number="44" hits="2"/>
            <line number="46" hits="2"/>
            <line number="48" hits="2"/>
            <line number="50" hits="2"/>
            <line number="52" hits="2"/>
            <line number="54" hits="2"/>
            <line number="56" hits="2"/>
            <line number="58" hits="2"/>
            <line number="60" hits="2"/>
            <line number="62" hits="2"/>
            <line number="64" hits="2"/>
            <line number="66" hits="2"/>
            <line number="68" hits="2"/>
          </lines>
        </class>
      </classes>
    </package>
    <package name="Building/Migration/BuildColumns.php" line-rate="0.025641025641026" branch-rate="0" complexity="32">
      <classes>
        <class name="Playground\Make\Model\Building\Migration\BuildColumns" filename="Building/Migration/BuildColumns.php" line-rate="0.025641025641026" branch-rate="0" complexity="32">
          <methods>
            <method name="buildClass_column" signature="string $attribute, array $meta, string $group" line-rate="0" branch-rate="0" complexity="26">
              <lines>
                <line number="25" hits="0"/>
                <line number="26" hits="0"/>
                <line number="27" hits="0"/>
                <line number="28" hits="0"/>
                <line number="29" hits="0"/>
                <line number="30" hits="0"/>
                <line number="31" hits="0"/>
                <line number="32" hits="0"/>
                <line number="33" hits="0"/>
                <line number="34" hits="0"/>
                <line number="35" hits="0"/>
                <line number="36" hits="0"/>
                <line number="37" hits="0"/>
                <line number="38" hits="0"/>
                <line number="39" hits="0"/>
                <line number="40" hits="0"/>
                <line number="41" hits="0"/>
                <line number="43" hits="0"/>
                <line number="44" hits="0"/>
                <line number="45" hits="0"/>
                <line number="48" hits="0"/>
                <line number="50" hits="0"/>
                <line number="51" hits="0"/>
                <line number="52" hits="0"/>
                <line number="53" hits="0"/>
                <line number="54" hits="0"/>
                <line number="55" hits="0"/>
                <line number="56" hits="0"/>
                <line number="58" hits="0"/>
                <line number="59" hits="0"/>
                <line number="60" hits="0"/>
                <line number="61" hits="0"/>
                <line number="62" hits="0"/>
                <line number="63" hits="0"/>
                <line number="64" hits="0"/>
                <line number="67" hits="0"/>
                <line number="68" hits="0"/>
                <line number="69" hits="0"/>
                <line number="70" hits="0"/>
                <line number="71" hits="0"/>
                <line number="72" hits="0"/>
                <line number="73" hits="0"/>
                <line number="74" hits="0"/>
                <line number="75" hits="0"/>
                <line number="76" hits="0"/>
                <line number="77" hits="0"/>
                <line number="78" hits="0"/>
                <line number="79" hits="0"/>
                <line number="80" hits="0"/>
                <line number="81" hits="0"/>
                <line number="82" hits="0"/>
                <line number="83" hits="0"/>
                <line number="84" hits="0"/>
                <line number="85" hits="0"/>
                <line number="86" hits="0"/>
                <line number="87" hits="0"/>
                <line number="88" hits="0"/>
                <line number="89" hits="0"/>
                <line number="90" hits="0"/>
                <line number="91" hits="0"/>
                <line number="92" hits="0"/>
                <line number="94" hits="0"/>
                <line number="95" hits="0"/>
                <line number="96" hits="0"/>
                <line number="97" hits="0"/>
                <line number="98" hits="0"/>
                <line number="99" hits="0"/>
                <line number="100" hits="0"/>
                <line number="103" hits="0"/>
                <line number="105" hits="0"/>
                <line number="108" hits="0"/>
                <line number="109" hits="0"/>
                <line number="111" hits="0"/>
                <line number="112" hits="0"/>
                <line number="113" hits="0"/>
                <line number="114" hits="0"/>
                <line number="115" hits="0"/>
                <line number="116" hits="0"/>
                <line number="120" hits="0"/>
                <line number="121" hits="0"/>
                <line number="124" hits="0"/>
                <line number="125" hits="0"/>
                <line number="128" hits="0"/>
                <line number="130" hits="0"/>
              </lines>
            </method>
            <method name="buildClass_columns" signature="" line-rate="0.090909090909091" branch-rate="0" complexity="6">
              <lines>
                <line number="135" hits="6"/>
                <line number="136" hits="6"/>
                <line number="137" hits="6"/>
                <line number="140" hits="0"/>
                <line number="142" hits="0"/>
                <line number="143" hits="0"/>
                <line number="144" hits="0"/>
                <line number="145" hits="0"/>
                <line number="147" hits="0"/>
                <line number="153" hits="0"/>
                <line number="154" hits="0"/>
                <line number="161" hits="0"/>
                <line number="162" hits="0"/>
                <line number="163" hits="0"/>
                <line number="164" hits="0"/>
                <line number="165" hits="0"/>
                <line number="166" hits="0"/>
                <line number="167" hits="0"/>
                <line number="169" hits="0"/>
                <line number="172" hits="0"/>
                <line number="173" hits="0"/>
                <line number="174" hits="0"/>
                <line number="175" hits="0"/>
                <line number="176" hits="0"/>
                <line number="177" hits="0"/>
                <line number="179" hits="0"/>
                <line number="182" hits="0"/>
                <line number="184" hits="0"/>
                <line number="185" hits="0"/>
                <line number="186" hits="0"/>
                <line number="187" hits="0"/>
                <line number="188" hits="0"/>
                <line number="190" hits="0"/>
              </lines>
            </method>
          </methods>
          <lines>
            <line number="25" hits="0"/>
            <line number="26" hits="0"/>
            <line number="27" hits="0"/>
            <line number="28" hits="0"/>
[...]
                <line number="238" hits="20"/>
                <line number="239" hits="20"/>
                <line number="240" hits="20"/>
                <line number="241" hits="20"/>
                <line number="242" hits="4"/>
                <line number="243" hits="4"/>
                <line number="244" hits="4"/>
                <line number="247" hits="20"/>
                <line number="248" hits="0"/>
              </lines>
            </method>
            <method name="finish" signature="" line-rate="1" branch-rate="0" complexity="7">
              <lines>
                <line number="254" hits="18"/>
                <line number="256" hits="18"/>
                <line number="257" hits="8"/>
                <line number="260" hits="18"/>
                <line number="261" hits="12"/>
                <line number="264" hits="18"/>
                <line number="268" hits="18"/>
                <line number="272" hits="18"/>
                <line number="280" hits="18"/>
                <line number="281" hits="7"/>
                <line number="288" hits="18"/>
                <line number="297" hits="18"/>
              </lines>
            </method>
            <method name="buildClass" signature="$name" line-rate="1" branch-rate="0" complexity="2">
              <lines>
                <line number="317" hits="18"/>
                <line number="318" hits="18"/>
                <line number="320" hits="18"/>
                <line number="321" hits="2"/>
                <line number="331" hits="18"/>
                <line number="332" hits="18"/>
                <line number="333" hits="18"/>
                <line number="334" hits="18"/>
                <line number="336" hits="18"/>
                <line number="337" hits="18"/>
                <line number="338" hits="18"/>
                <line number="341" hits="18"/>
                <line number="342" hits="18"/>
                <line number="344" hits="18"/>
                <line number="347" hits="18"/>
                <line number="355" hits="18"/>
              </lines>
            </method>
            <method name="getStub" signature="" line-rate="1" branch-rate="0" complexity="6">
              <lines>
                <line number="365" hits="18"/>
                <line number="367" hits="18"/>
                <line number="368" hits="1"/>
                <line number="369" hits="17"/>
                <line number="370" hits="5"/>
                <line number="371" hits="12"/>
                <line number="372" hits="12"/>
                <line number="373" hits="12"/>
                <line number="374" hits="12"/>
                <line number="375" hits="12"/>
                <line number="376" hits="12"/>
                <line number="377" hits="1"/>
                <line number="378" hits="11"/>
                <line number="379" hits="2"/>
                <line number="381" hits="2"/>
                <line number="382" hits="9"/>
                <line number="383" hits="2"/>
                <line number="386" hits="16"/>
              </lines>
            </method>
            <method name="getDefaultNamespace" signature="$rootNamespace" line-rate="1" branch-rate="0" complexity="1">
              <lines>
                <line number="410" hits="18"/>
                <line number="411" hits="18"/>
                <line number="412" hits="18"/>
              </lines>
            </method>
            <method name="getOptions" signature="" line-rate="1" branch-rate="0" complexity="1">
              <lines>
                <line number="433" hits="20"/>
                <line number="434" hits="20"/>
                <line number="435" hits="20"/>
                <line number="436" hits="20"/>
                <line number="437" hits="20"/>
                <line number="438" hits="20"/>
                <line number="439" hits="20"/>
                <line number="440" hits="20"/>
                <line number="441" hits="20"/>
                <line number="442" hits="20"/>
                <line number="443" hits="20"/>
                <line number="444" hits="20"/>
                <line number="445" hits="20"/>
                <line number="446" hits="20"/>
                <line number="447" hits="20"/>
                <line number="448" hits="20"/>
                <line number="449" hits="20"/>
                <line number="450" hits="20"/>
                <line number="451" hits="20"/>
                <line number="452" hits="20"/>
                <line number="453" hits="20"/>
                <line number="454" hits="20"/>
                <line number="455" hits="20"/>
                <line number="456" hits="20"/>
                <line number="457" hits="20"/>
                <line number="458" hits="20"/>
              </lines>
            </method>
            <method name="handleTestCreation" signature="$path" line-rate="1" branch-rate="0" complexity="4">
              <lines>
                <line number="491" hits="18"/>
                <line number="492" hits="17"/>
                <line number="495" hits="1"/>
                <line number="497" hits="1"/>
              </lines>
            </method>
            <method name="getConfigurationFilename" signature="" line-rate="1" branch-rate="0" complexity="1">
              <lines>
                <line number="502" hits="18"/>
                <line number="503" hits="18"/>
                <line number="504" hits="18"/>
                <line number="505" hits="18"/>
                <line number="506" hits="18"/>
              </lines>
            </method>
          </methods>
          <lines>
            <line number="125" hits="20"/>
            <line number="127" hits="20"/>
            <line number="128" hits="20"/>
            <line number="129" hits="8"/>
            <line number="130" hits="8"/>
            <line number="131" hits="8"/>
            <line number="134" hits="20"/>
            <line number="136" hits="2"/>
            <line number="137" hits="2"/>
            <line number="138" hits="2"/>
            <line number="139" hits="2"/>
            <line number="140" hits="2"/>
            <line number="141" hits="2"/>
            <line number="143" hits="2"/>
            <line number="144" hits="2"/>
            <line number="145" hits="2"/>
            <line number="146" hits="2"/>
            <line number="149" hits="20"/>
            <line number="150" hits="20"/>
            <line number="152" hits="20"/>
            <line number="153" hits="6"/>
            <line number="154" hits="6"/>
            <line number="155" hits="6"/>
            <line number="156" hits="6"/>
            <line number="157" hits="6"/>
            <line number="158" hits="6"/>
            <line number="159" hits="6"/>
            <line number="160" hits="6"/>
            <line number="161" hits="6"/>
            <line number="162" hits="6"/>
            <line number="163" hits="6"/>
            <line number="168" hits="20"/>
            <line number="169" hits="3"/>
            <line number="170" hits="3"/>
            <line number="171" hits="3"/>
            <line number="174" hits="20"/>
            <line number="175" hits="1"/>
            <line number="176" hits="1"/>
            <line number="177" hits="1"/>
            <line number="180" hits="20"/>
            <line number="181" hits="1"/>
            <line number="182" hits="1"/>
            <line number="183" hits="1"/>
            <line number="186" hits="20"/>
            <line number="187" hits="1"/>
            <line number="188" hits="1"/>
            <line number="189" hits="1"/>
            <line number="192" hits="20"/>
            <line number="193" hits="5"/>
            <line number="194" hits="5"/>
            <line number="195" hits="5"/>
            <line number="198" hits="20"/>
            <line number="199" hits="1"/>
            <line number="200" hits="1"/>
            <line number="201" hits="1"/>
            <line number="204" hits="20"/>
            <line number="205" hits="0"/>
            <line number="206" hits="0"/>
            <line number="207" hits="0"/>
            <line number="210" hits="20"/>
            <line number="211" hits="1"/>
            <line number="212" hits="1"/>
            <line number="213" hits="1"/>
            <line number="216" hits="20"/>
            <line number="217" hits="1"/>
            <line number="218" hits="1"/>
            <line number="219" hits="1"/>
            <line number="222" hits="20"/>
            <line number="223" hits="0"/>
            <line number="224" hits="0"/>
            <line number="225" hits="0"/>
            <line number="228" hits="20"/>
            <line number="229" hits="1"/>
            <line number="230" hits="1"/>
            <line number="231" hits="1"/>
            <line number="232" hits="19"/>
            <line number="233" hits="1"/>
            <line number="234" hits="1"/>
            <line number="235" hits="1"/>
            <line number="238" hits="20"/>
            <line number="239" hits="20"/>
            <line number="240" hits="20"/>
            <line number="241" hits="20"/>
            <line number="242" hits="4"/>
            <line number="243" hits="4"/>
            <line number="244" hits="4"/>
            <line number="247" hits="20"/>
            <line number="248" hits="0"/>
            <line number="254" hits="18"/>
            <line number="256" hits="18"/>
            <line number="257" hits="8"/>
            <line number="260" hits="18"/>
            <line number="261" hits="12"/>
            <line number="264" hits="18"/>
            <line number="268" hits="18"/>
            <line number="272" hits="18"/>
            <line number="280" hits="18"/>
            <line number="281" hits="7"/>
            <line number="288" hits="18"/>
            <line number="297" hits="18"/>
            <line number="317" hits="18"/>
            <line number="318" hits="18"/>
            <line number="320" hits="18"/>
            <line number="321" hits="2"/>
            <line number="331" hits="18"/>
            <line number="332" hits="18"/>
            <line number="333" hits="18"/>
            <line number="334" hits="18"/>
            <line number="336" hits="18"/>
            <line number="337" hits="18"/>
            <line number="338" hits="18"/>
            <line number="341" hits="18"/>
            <line number="342" hits="18"/>
            <line number="344" hits="18"/>
            <line number="347" hits="18"/>
            <line number="355" hits="18"/>
            <line number="365" hits="18"/>
            <line number="367" hits="18"/>
            <line number="368" hits="1"/>
            <line number="369" hits="17"/>
            <line number="370" hits="5"/>
            <line number="371" hits="12"/>
            <line number="372" hits="12"/>
            <line number="373" hits="12"/>
            <line number="374" hits="12"/>
            <line number="375" hits="12"/>
            <line number="376" hits="12"/>
            <line number="377" hits="1"/>
            <line number="378" hits="11"/>
            <line number="379" hits="2"/>
            <line number="381" hits="2"/>
            <line number="382" hits="9"/>
            <line number="383" hits="2"/>
            <line number="386" hits="16"/>
            <line number="410" hits="18"/>
            <line number="411" hits="18"/>
            <line number="412" hits="18"/>
            <line number="433" hits="20"/>
            <line number="434" hits="20"/>
            <line number="435" hits="20"/>
            <line number="436" hits="20"/>
            <line number="437" hits="20"/>
            <line number="438" hits="20"/>
            <line number="439" hits="20"/>
            <line number="440" hits="20"/>
            <line number="441" hits="20"/>
            <line number="442" hits="20"/>
            <line number="443" hits="20"/>
            <line number="444" hits="20"/>
            <line number="445" hits="20"/>
            <line number="446" hits="20"/>
            <line number="447" hits="20"/>
            <line number="448" hits="20"/>
            <line number="449" hits="20"/>
            <line number="450" hits="20"/>
            <line number="451" hits="20"/>
            <line number="452" hits="20"/>
            <line number="453" hits="20"/>
            <line number="454" hits="20"/>
            <line number="455" hits="20"/>
            <line number="456" hits="20"/>
            <line number="457" hits="20"/>
            <line number="458" hits="20"/>
            <line number="491" hits="18"/>
            <line number="492" hits="17"/>
            <line number="495" hits="1"/>
            <line number="497" hits="1"/>
            <line number="502" hits="18"/>
            <line number="503" hits="18"/>
            <line number="504" hits="18"/>
            <line number="505" hits="18"/>
            <line number="506" hits="18"/>
          </lines>
        </class>
      </classes>
    </package>
    <package name="Console/Commands/SeederMakeCommand.php" line-rate="0.77777777777778" branch-rate="0" complexity="6">
      <classes>
        <class name="Playground\Make\Model\Console\Commands\SeederMakeCommand" filename="Console/Commands/SeederMakeCommand.php" line-rate="0.77777777777778" branch-rate="0" complexity="6">
          <methods>
            <method name="getStub" signature="" line-rate="1" branch-rate="0" complexity="1">
              <lines>
                <line number="59" hits="1"/>
              </lines>
            </method>
            <method name="getConfigurationFilename" signature="" line-rate="1" branch-rate="0" complexity="1">
              <lines>
                <line number="64" hits="1"/>
                <line number="65" hits="1"/>
                <line number="66" hits="1"/>
                <line number="67" hits="1"/>
                <line number="68" hits="1"/>
              </lines>
            </method>
            <method name="getDefaultNamespace" signature="$rootNamespace" line-rate="0.66666666666667" branch-rate="0" complexity="4">
              <lines>
                <line number="88" hits="1"/>
                <line number="90" hits="1"/>
                <line number="91" hits="1"/>
                <line number="92" hits="1"/>
                <line number="93" hits="1"/>
                <line number="94" hits="1"/>
                <line number="95" hits="1"/>
                <line number="96" hits="0"/>
                <line number="97" hits="0"/>
                <line number="98" hits="0"/>
                <line number="99" hits="0"/>
                <line number="102" hits="1"/>
              </lines>
            </method>
          </methods>
          <lines>
            <line number="59" hits="1"/>
            <line number="64" hits="1"/>
            <line number="65" hits="1"/>
            <line number="66" hits="1"/>
            <line number="67" hits="1"/>
            <line number="68" hits="1"/>
            <line number="88" hits="1"/>
            <line number="90" hits="1"/>
            <line number="91" hits="1"/>
            <line number="92" hits="1"/>
            <line number="93" hits="1"/>
            <line number="94" hits="1"/>
            <line number="95" hits="1"/>
            <line number="96" hits="0"/>
            <line number="97" hits="0"/>
            <line number="98" hits="0"/>
            <line number="99" hits="0"/>
            <line number="102" hits="1"/>
          </lines>
        </class>
      </classes>
    </package>
    <package name="ServiceProvider.php" line-rate="1" branch-rate="0" complexity="16">
      <classes>
        <class name="Playground\Make\Model\ServiceProvider" filename="ServiceProvider.php" line-rate="1" branch-rate="0" complexity="16">
          <methods>
            <method name="boot" signature="" line-rate="1" branch-rate="0" complexity="7">
              <lines>
                <line number="33" hits="8"/>
                <line number="35" hits="8"/>
                <line number="37" hits="8"/>
                <line number="38" hits="8"/>
                <line number="41" hits="8"/>
                <line number="42" hits="8"/>
                <line number="43" hits="8"/>
                <line number="44" hits="8"/>
                <line number="45" hits="8"/>
                <line number="48" hits="8"/>
                <line number="50" hits="8"/>
                <line number="51" hits="8"/>
                <line number="52" hits="8"/>
                <line number="56" hits="8"/>
                <line number="57" hits="8"/>
              </lines>
            </method>
            <method name="boot_commands" signature="" line-rate="1" branch-rate="0" complexity="1">
              <lines>
                <line number="66" hits="8"/>
                <line number="68" hits="8"/>
                <line number="69" hits="8"/>
                <line number="70" hits="8"/>
                <line number="71" hits="8"/>
                <line number="73" hits="8"/>
                <line number="75" hits="8"/>
              </lines>
            </method>
            <method name="register" signature="" line-rate="1" branch-rate="0" complexity="1">
              <lines>
                <line number="83" hits="8"/>
                <line number="84" hits="8"/>
                <line number="85" hits="8"/>
                <line number="86" hits="8"/>
              </lines>
            </method>
            <method name="about" signature="" line-rate="1" branch-rate="0" complexity="6">
              <lines>
                <line number="91" hits="8"/>
                <line number="92" hits="8"/>
                <line number="94" hits="8"/>
                <line number="96" hits="8"/>
                <line number="98" hits="8"/>
                <line number="99" hits="8"/>
                <line number="100" hits="8"/>
                <line number="101" hits="8"/>
                <line number="102" hits="8"/>
                <line number="103" hits="8"/>
              </lines>
            </method>
            <method name="version" signature="" line-rate="1" branch-rate="0" complexity="1">
              <lines>
                <line number="108" hits="8"/>
              </lines>
            </method>
          </methods>
          <lines>
            <line number="33" hits="8"/>
            <line number="35" hits="8"/>
            <line number="37" hits="8"/>
            <line number="38" hits="8"/>
            <line number="41" hits="8"/>
            <line number="42" hits="8"/>
            <line number="43" hits="8"/>
            <line number="44" hits="8"/>
            <line number="45" hits="8"/>
            <line number="48" hits="8"/>
            <line number="50" hits="8"/>
            <line number="51" hits="8"/>
            <line number="52" hits="8"/>
            <line number="56" hits="8"/>
            <line number="57" hits="8"/>
            <line number="66" hits="8"/>
            <line number="68" hits="8"/>
            <line number="69" hits="8"/>
            <line number="70" hits="8"/>
            <line number="71" hits="8"/>
            <line number="73" hits="8"/>
            <line number="75" hits="8"/>
            <line number="83" hits="8"/>
            <line number="84" hits="8"/>
            <line number="85" hits="8"/>
            <line number="86" hits="8"/>
            <line number="91" hits="8"/>
            <line number="92" hits="8"/>
            <line number="94" hits="8"/>
            <line number="96" hits="8"/>
            <line number="98" hits="8"/>
            <line number="99" hits="8"/>
            <line number="100" hits="8"/>
            <line number="101" hits="8"/>
            <line number="102" hits="8"/>
            <line number="103" hits="8"/>
            <line number="108" hits="8"/>
          </lines>
        </class>
      </classes>
    </package>
  </packages>
</coverage>
