<?xml version="1.0" encoding="UTF-8"?>
<testsuites>
  <testsuite name="/app/phpunit-ci.xml" tests="57" assertions="123" errors="0" failures="0" skipped="1" time="2.713880">
    <testsuite name="Unit" tests="12" assertions="63" errors="0" failures="0" skipped="0" time="0.425519">
      <testsuite name="Tests\Unit\Playground\Make\Model\Configuration\Factory\InstanceTest" file="/app/tests/Unit/Configuration/Factory/InstanceTest.php" tests="4" assertions="20" errors="0" failures="0" skipped="0" time="0.233080">
        <testcase name="test_instance" file="/app/tests/Unit/Configuration/Factory/InstanceTest.php" line="21" class="Tests\Unit\Playground\Make\Model\Configuration\Factory\InstanceTest" classname="Tests.Unit.Playground.Make.Model.Configuration.Factory.InstanceTest" assertions="1" time="0.158100"/>
        <testcase name="test_instance_apply_without_options" file="/app/tests/Unit/Configuration/Factory/InstanceTest.php" line="50" class="Tests\Unit\Playground\Make\Model\Configuration\Factory\InstanceTest" classname="Tests.Unit.Playground.Make.Model.Configuration.Factory.InstanceTest" assertions="4" time="0.025794"/>
        <testcase name="test_folder_is_empty_by_default" file="/app/tests/Unit/Configuration/Factory/InstanceTest.php" line="67" class="Tests\Unit\Playground\Make\Model\Configuration\Factory\InstanceTest" classname="Tests.Unit.Playground.Make.Model.Configuration.Factory.InstanceTest" assertions="2" time="0.024473"/>
        <testcase name="test_factory_for_model_with_file_and_skeleton" file="/app/tests/Unit/Configuration/Factory/InstanceTest.php" line="75" class="Tests\Unit\Playground\Make\Model\Configuration\Factory\InstanceTest" classname="Tests.Unit.Playground.Make.Model.Configuration.Factory.InstanceTest" assertions="13" time="0.024713"/>
      </testsuite>
      <testsuite name="Tests\Unit\Playground\Make\Model\Configuration\Migration\InstanceTest" file="/app/tests/Unit/Configuration/Migration/InstanceTest.php" tests="4" assertions="23" errors="0" failures="0" skipped="0" time="0.096639">
        <testcase name="test_instance" file="/app/tests/Unit/Configuration/Migration/InstanceTest.php" line="21" class="Tests\Unit\Playground\Make\Model\Configuration\Migration\InstanceTest" classname="Tests.Unit.Playground.Make.Model.Configuration.Migration.InstanceTest" assertions="1" time="0.023699"/>
        <testcase name="test_instance_apply_without_options" file="/app/tests/Unit/Configuration/Migration/InstanceTest.php" line="50" class="Tests\Unit\Playground\Make\Model\Configuration\Migration\InstanceTest" classname="Tests.Unit.Playground.Make.Model.Configuration.Migration.InstanceTest" assertions="4" time="0.023929"/>
        <testcase name="test_folder_is_empty_by_default" file="/app/tests/Unit/Configuration/Migration/InstanceTest.php" line="67" class="Tests\Unit\Playground\Make\Model\Configuration\Migration\InstanceTest" classname="Tests.Unit.Playground.Make.Model.Configuration.Migration.InstanceTest" assertions="2" time="0.023791"/>
        <testcase name="test_migration_for_model_with_file_and_skeleton" file="/app/tests/Unit/Configuration/Migration/InstanceTest.php" line="75" class="Tests\Unit\Playground\Make\Model\Configuration\Migration\InstanceTest" classname="Tests.Unit.Playground.Make.Model.Configuration.Migration.InstanceTest" assertions="16" time="0.025220"/>
      </testsuite>
      <testsuite name="Tests\Unit\Playground\Make\Model\Configuration\Seeder\InstanceTest" file="/app/tests/Unit/Configuration/Seeder/InstanceTest.php" tests="4" assertions="20" errors="0" failures="0" skipped="0" time="0.095800">
        <testcase name="test_instance" file="/app/tests/Unit/Configuration/Seeder/InstanceTest.php" line="21" class="Tests\Unit\Playground\Make\Model\Configuration\Seeder\InstanceTest" classname="Tests.Unit.Playground.Make.Model.Configuration.Seeder.InstanceTest" assertions="1" time="0.023282"/>
        <testcase name="test_instance_apply_without_options" file="/app/tests/Unit/Configuration/Seeder/InstanceTest.php" line="49" class="Tests\Unit\Playground\Make\Model\Configuration\Seeder\InstanceTest" classname="Tests.Unit.Playground.Make.Model.Configuration.Seeder.InstanceTest" assertions="4" time="0.023363"/>
        <testcase name="test_folder_is_empty_by_default" file="/app/tests/Unit/Configuration/Seeder/InstanceTest.php" line="66" class="Tests\Unit\Playground\Make\Model\Configuration\Seeder\InstanceTest" classname="Tests.Unit.Playground.Make.Model.Configuration.Seeder.InstanceTest" assertions="2" time="0.024921"/>
        <testcase name="test_seeder_for_model_with_file_and_skeleton" file="/app/tests/Unit/Configuration/Seeder/InstanceTest.php" line="74" class="Tests\Unit\Playground\Make\Model\Configuration\Seeder\InstanceTest" classname="Tests.Unit.Playground.Make.Model.Configuration.Seeder.InstanceTest" assertions="13" time="0.024234"/>
      </testsuite>
    </testsuite>
    <testsuite name="Feature" tests="45" assertions="60" errors="0" failures="0" skipped="1" time="2.288362">
      <testsuite name="Tests\Feature\Playground\Make\Model\Console\Commands\About\CommandTest" file="/app/tests/Feature/Console/Commands/About/CommandTest.php" tests="1" assertions="2" errors="0" failures="0" skipped="0" time="0.180559">
        <testcase name="test_command_about_displays_package_information_and_succeed_with_code_0" file="/app/tests/Feature/Console/Commands/About/CommandTest.php" line="29" class="Tests\Feature\Playground\Make\Model\Console\Commands\About\CommandTest" classname="Tests.Feature.Playground.Make.Model.Console.Commands.About.CommandTest" assertions="2" time="0.180559"/>
      </testsuite>
      <testsuite name="Tests\Feature\Playground\Make\Model\Console\Commands\FactoryMakeCommand\CommandTest" file="/app/tests/Feature/Console/Commands/FactoryMakeCommand/CommandTest.php" tests="2" assertions="3" errors="0" failures="0" skipped="0" time="0.069061">
        <testcase name="test_command_without_options_or_arguments" file="/app/tests/Feature/Console/Commands/FactoryMakeCommand/CommandTest.php" line="21" class="Tests\Feature\Playground\Make\Model\Console\Commands\FactoryMakeCommand\CommandTest" classname="Tests.Feature.Playground.Make.Model.Console.Commands.FactoryMakeCommand.CommandTest" assertions="2" time="0.038003"/>
        <testcase name="test_command_skeleton" file="/app/tests/Feature/Console/Commands/FactoryMakeCommand/CommandTest.php" line="31" class="Tests\Feature\Playground\Make\Model\Console\Commands\FactoryMakeCommand\CommandTest" classname="Tests.Feature.Playground.Make.Model.Console.Commands.FactoryMakeCommand.CommandTest" assertions="1" time="0.031057"/>
      </testsuite>
      <testsuite name="Tests\Feature\Playground\Make\Model\Console\Commands\FactoryMakeCommand\ModelTest" file="/app/tests/Feature/Console/Commands/FactoryMakeCommand/ModelTest.php" tests="2" assertions="2" errors="0" failures="0" skipped="0" time="0.065296">
        <testcase name="test_command_make_factory_with_force_and_without_skeleton" file="/app/tests/Feature/Console/Commands/FactoryMakeCommand/ModelTest.php" line="21" class="Tests\Feature\Playground\Make\Model\Console\Commands\FactoryMakeCommand\ModelTest" classname="Tests.Feature.Playground.Make.Model.Console.Commands.FactoryMakeCommand.ModelTest" assertions="1" time="0.033364"/>
        <testcase name="test_command_make_factory_with_force_and_with_skeleton" file="/app/tests/Feature/Console/Commands/FactoryMakeCommand/ModelTest.php" line="35" class="Tests\Feature\Playground\Make\Model\Console\Commands\FactoryMakeCommand\ModelTest" classname="Tests.Feature.Playground.Make.Model.Console.Commands.FactoryMakeCommand.ModelTest" assertions="1" time="0.031932"/>
      </testsuite>
      <testsuite name="Tests\Feature\Playground\Make\Model\Console\Commands\MigrationMakeCommand\CommandTest" file="/app/tests/Feature/Console/Commands/MigrationMakeCommand/CommandTest.php" tests="6" assertions="9" errors="0" failures="0" skipped="1" time="0.179447">
        <testcase name="test_command_without_argument_and_with_table_option" file="/app/tests/Feature/Console/Commands/MigrationMakeCommand/CommandTest.php" line="19" class="Tests\Feature\Playground\Make\Model\Console\Commands\MigrationMakeCommand\CommandTest" classname="Tests.Feature.Playground.Make.Model.Console.Commands.MigrationMakeCommand.CommandTest" assertions="2" time="0.028585"/>
        <testcase name="test_command_with_reserved_name" file="/app/tests/Feature/Console/Commands/MigrationMakeCommand/CommandTest.php" line="29" class="Tests\Feature\Playground\Make\Model\Console\Commands\MigrationMakeCommand\CommandTest" classname="Tests.Feature.Playground.Make.Model.Console.Commands.MigrationMakeCommand.CommandTest" assertions="2" time="0.033674"/>
        <testcase name="test_command_skeleton" file="/app/tests/Feature/Console/Commands/MigrationMakeCommand/CommandTest.php" line="39" class="Tests\Feature\Playground\Make\Model\Console\Commands\MigrationMakeCommand\CommandTest" classname="Tests.Feature.Playground.Make.Model.Console.Commands.MigrationMakeCommand.CommandTest" assertions="1" time="0.030023"/>
        <testcase name="test_command_skeleton_without_force" file="/app/tests/Feature/Console/Commands/MigrationMakeCommand/CommandTest.php" line="48" class="Tests\Feature\Playground\Make\Model\Console\Commands\MigrationMakeCommand\CommandTest" classname="Tests.Feature.Playground.Make.Model.Console.Commands.MigrationMakeCommand.CommandTest" assertions="2" time="0.028268"/>
        <testcase name="test_command_skeleton_with_invalid_table_parameter" file="/app/tests/Feature/Console/Commands/MigrationMakeCommand/CommandTest.php" line="58" class="Tests\Feature\Playground\Make\Model\Console\Commands\MigrationMakeCommand\CommandTest" classname="Tests.Feature.Playground.Make.Model.Console.Commands.MigrationMakeCommand.CommandTest" assertions="2" time="0.033974"/>
        <testcase name="test_command_skeleton_with_invalid_table_in_file" file="/app/tests/Feature/Console/Commands/MigrationMakeCommand/CommandTest.php" line="69" class="Tests\Feature\Playground\Make\Model\Console\Commands\MigrationMakeCommand\CommandTest" classname="Tests.Feature.Playground.Make.Model.Console.Commands.MigrationMakeCommand.CommandTest" assertions="0" time="0.024924">
          <skipped/>
        </testcase>
      </testsuite>
      <testsuite name="Tests\Feature\Playground\Make\Model\Console\Commands\MigrationMakeCommand\InteractiveTest" file="/app/tests/Feature/Console/Commands/MigrationMakeCommand/InteractiveTest.php" tests="2" assertions="7" errors="0" failures="0" skipped="0" time="0.060314">
        <testcase name="test_command_with_interactive_option" file="/app/tests/Feature/Console/Commands/MigrationMakeCommand/InteractiveTest.php" line="25" class="Tests\Feature\Playground\Make\Model\Console\Commands\MigrationMakeCommand\InteractiveTest" classname="Tests.Feature.Playground.Make.Model.Console.Commands.MigrationMakeCommand.InteractiveTest" assertions="5" time="0.032096"/>
        <testcase name="test_command_with_interactive_option_and_cancel" file="/app/tests/Feature/Console/Commands/MigrationMakeCommand/InteractiveTest.php" line="41" class="Tests\Feature\Playground\Make\Model\Console\Commands\MigrationMakeCommand\InteractiveTest" classname="Tests.Feature.Playground.Make.Model.Console.Commands.MigrationMakeCommand.InteractiveTest" assertions="2" time="0.028218"/>
      </testsuite>
      <testsuite name="Tests\Feature\Playground\Make\Model\Console\Commands\MigrationMakeCommand\ModelTest" file="/app/tests/Feature/Console/Commands/MigrationMakeCommand/ModelTest.php" tests="10" assertions="12" errors="0" failures="0" skipped="0" time="0.333046">
        <testcase name="test_command_make_migration_without_name_with_force_and_without_skeleton" file="/app/tests/Feature/Console/Commands/MigrationMakeCommand/ModelTest.php" line="22" class="Tests\Feature\Playground\Make\Model\Console\Commands\MigrationMakeCommand\ModelTest" classname="Tests.Feature.Playground.Make.Model.Console.Commands.MigrationMakeCommand.ModelTest" assertions="2" time="0.029140"/>
        <testcase name="test_command_make_migration_with_force_and_with_skeleton" file="/app/tests/Feature/Console/Commands/MigrationMakeCommand/ModelTest.php" line="37" class="Tests\Feature\Playground\Make\Model\Console\Commands\MigrationMakeCommand\ModelTest" classname="Tests.Feature.Playground.Make.Model.Console.Commands.MigrationMakeCommand.ModelTest" assertions="1" time="0.033075"/>
        <testcase name="test_command_make_create_migration_with_force_and_without_skeleton" file="/app/tests/Feature/Console/Commands/MigrationMakeCommand/ModelTest.php" line="52" class="Tests\Feature\Playground\Make\Model\Console\Commands\MigrationMakeCommand\ModelTest" classname="Tests.Feature.Playground.Make.Model.Console.Commands.MigrationMakeCommand.ModelTest" assertions="1" time="0.030917"/>
        <testcase name="test_command_make_create_migration_without_name_with_force_and_without_skeleton" file="/app/tests/Feature/Console/Commands/MigrationMakeCommand/ModelTest.php" line="66" class="Tests\Feature\Playground\Make\Model\Console\Commands\MigrationMakeCommand\ModelTest" classname="Tests.Feature.Playground.Make.Model.Console.Commands.MigrationMakeCommand.ModelTest" assertions="2" time="0.029531"/>
        <testcase name="test_command_make_create_migration_with_force_and_with_skeleton" file="/app/tests/Feature/Console/Commands/MigrationMakeCommand/ModelTest.php" line="81" class="Tests\Feature\Playground\Make\Model\Console\Commands\MigrationMakeCommand\ModelTest" classname="Tests.Feature.Playground.Make.Model.Console.Commands.MigrationMakeCommand.ModelTest" assertions="1" time="0.034173"/>
        <testcase name="test_command_make_update_migration_with_force_and_without_skeleton" file="/app/tests/Feature/Console/Commands/MigrationMakeCommand/ModelTest.php" line="96" class="Tests\Feature\Playground\Make\Model\Console\Commands\MigrationMakeCommand\ModelTest" classname="Tests.Feature.Playground.Make.Model.Console.Commands.MigrationMakeCommand.ModelTest" assertions="1" time="0.031094"/>
        <testcase name="test_command_make_update_migration_with_force_and_with_skeleton" file="/app/tests/Feature/Console/Commands/MigrationMakeCommand/ModelTest.php" line="110" class="Tests\Feature\Playground\Make\Model\Console\Commands\MigrationMakeCommand\ModelTest" classname="Tests.Feature.Playground.Make.Model.Console.Commands.MigrationMakeCommand.ModelTest" assertions="1" time="0.033536"/>
        <testcase name="test_command_make_create_migration_and_load_model_from_migration_configuration" file="/app/tests/Feature/Console/Commands/MigrationMakeCommand/ModelTest.php" line="125" class="Tests\Feature\Playground\Make\Model\Console\Commands\MigrationMakeCommand\ModelTest" classname="Tests.Feature.Playground.Make.Model.Console.Commands.MigrationMakeCommand.ModelTest" assertions="1" time="0.036627"/>
        <testcase name="test_command_make_create_migration_with_bare_model_skeleton" file="/app/tests/Feature/Console/Commands/MigrationMakeCommand/ModelTest.php" line="141" class="Tests\Feature\Playground\Make\Model\Console\Commands\MigrationMakeCommand\ModelTest" classname="Tests.Feature.Playground.Make.Model.Console.Commands.MigrationMakeCommand.ModelTest" assertions="1" time="0.038231"/>
        <testcase name="test_command_make_create_migration_with_sparse_model_skeleton" file="/app/tests/Feature/Console/Commands/MigrationMakeCommand/ModelTest.php" line="155" class="Tests\Feature\Playground\Make\Model\Console\Commands\MigrationMakeCommand\ModelTest" classname="Tests.Feature.Playground.Make.Model.Console.Commands.MigrationMakeCommand.ModelTest" assertions="1" time="0.036723"/>
      </testsuite>
      <testsuite name="Tests\Feature\Playground\Make\Model\Console\Commands\ModelMakeCommand\CommandTest" file="/app/tests/Feature/Console/Commands/ModelMakeCommand/CommandTest.php" tests="3" assertions="4" errors="0" failures="0" skipped="0" time="0.151351">
        <testcase name="test_command_without_options_or_arguments" file="/app/tests/Feature/Console/Commands/ModelMakeCommand/CommandTest.php" line="21" class="Tests\Feature\Playground\Make\Model\Console\Commands\ModelMakeCommand\CommandTest" classname="Tests.Feature.Playground.Make.Model.Console.Commands.ModelMakeCommand.CommandTest" assertions="2" time="0.029822"/>
        <testcase name="test_command_skeleton" file="/app/tests/Feature/Console/Commands/ModelMakeCommand/CommandTest.php" line="31" class="Tests\Feature\Playground\Make\Model\Console\Commands\ModelMakeCommand\CommandTest" classname="Tests.Feature.Playground.Make.Model.Console.Commands.ModelMakeCommand.CommandTest" assertions="1" time="0.088256"/>
        <testcase name="test_command_with_invalid_file" file="/app/tests/Feature/Console/Commands/ModelMakeCommand/CommandTest.php" line="40" class="Tests\Feature\Playground\Make\Model\Console\Commands\ModelMakeCommand\CommandTest" classname="Tests.Feature.Playground.Make.Model.Console.Commands.ModelMakeCommand.CommandTest" assertions="1" time="0.033274"/>
      </testsuite>
      <testsuite name="Tests\Feature\Playground\Make\Model\Console\Commands\ModelMakeCommand\ConfigurationTest" file="/app/tests/Feature/Console/Commands/ModelMakeCommand/ConfigurationTest.php" tests="1" assertions="1" errors="0" failures="0" skipped="0" time="0.093050">
        <testcase name="test_command_with_file_skeleton_and_force" file="/app/tests/Feature/Console/Commands/ModelMakeCommand/ConfigurationTest.php" line="22" class="Tests\Feature\Playground\Make\Model\Console\Commands\ModelMakeCommand\ConfigurationTest" classname="Tests.Feature.Playground.Make.Model.Console.Commands.ModelMakeCommand.ConfigurationTest" assertions="1" time="0.093050"/>
      </testsuite>
      <testsuite name="Tests\Feature\Playground\Make\Model\Console\Commands\ModelMakeCommand\ModelTest" file="/app/tests/Feature/Console/Commands/ModelMakeCommand/ModelTest.php" tests="6" assertions="7" errors="0" failures="0" skipped="0" time="0.647977">
        <testcase name="test_command_make_model_with_force" file="/app/tests/Feature/Console/Commands/ModelMakeCommand/ModelTest.php" line="22" class="Tests\Feature\Playground\Make\Model\Console\Commands\ModelMakeCommand\ModelTest" classname="Tests.Feature.Playground.Make.Model.Console.Commands.ModelMakeCommand.ModelTest" assertions="1" time="0.056162"/>
        <testcase name="test_command_make_playground_model_api_with_force" file="/app/tests/Feature/Console/Commands/ModelMakeCommand/ModelTest.php" line="36" class="Tests\Feature\Playground\Make\Model\Console\Commands\ModelMakeCommand\ModelTest" classname="Tests.Feature.Playground.Make.Model.Console.Commands.ModelMakeCommand.ModelTest" assertions="1" time="0.108145"/>
        <testcase name="test_command_make_playground_model_resource_with_force" file="/app/tests/Feature/Console/Commands/ModelMakeCommand/ModelTest.php" line="50" class="Tests\Feature\Playground\Make\Model\Console\Commands\ModelMakeCommand\ModelTest" classname="Tests.Feature.Playground.Make.Model.Console.Commands.ModelMakeCommand.ModelTest" assertions="1" time="0.113823"/>
        <testcase name="test_command_make_all_playground_model_api_with_force" file="/app/tests/Feature/Console/Commands/ModelMakeCommand/ModelTest.php" line="64" class="Tests\Feature\Playground\Make\Model\Console\Commands\ModelMakeCommand\ModelTest" classname="Tests.Feature.Playground.Make.Model.Console.Commands.ModelMakeCommand.ModelTest" assertions="1" time="0.104158"/>
        <testcase name="test_command_make_all_playground_model_resource_with_force" file="/app/tests/Feature/Console/Commands/ModelMakeCommand/ModelTest.php" line="78" class="Tests\Feature\Playground\Make\Model\Console\Commands\ModelMakeCommand\ModelTest" classname="Tests.Feature.Playground.Make.Model.Console.Commands.ModelMakeCommand.ModelTest" assertions="1" time="0.118574"/>
        <testcase name="test_command_make_test_playground_model_resource_with_force" file="/app/tests/Feature/Console/Commands/ModelMakeCommand/ModelTest.php" line="92" class="Tests\Feature\Playground\Make\Model\Console\Commands\ModelMakeCommand\ModelTest" classname="Tests.Feature.Playground.Make.Model.Console.Commands.ModelMakeCommand.ModelTest" assertions="2" time="0.147115"/>
      </testsuite>
      <testsuite name="Tests\Feature\Playground\Make\Model\Console\Commands\ModelMakeCommand\OptionsTest" file="/app/tests/Feature/Console/Commands/ModelMakeCommand/OptionsTest.php" tests="10" assertions="10" errors="0" failures="0" skipped="0" time="0.448397">
        <testcase name="test_command_make_model_with_all_of_the_option_flags_except_test" file="/app/tests/Feature/Console/Commands/ModelMakeCommand/OptionsTest.php" line="21" class="Tests\Feature\Playground\Make\Model\Console\Commands\ModelMakeCommand\OptionsTest" classname="Tests.Feature.Playground.Make.Model.Console.Commands.ModelMakeCommand.OptionsTest" assertions="1" time="0.048273"/>
        <testcase name="test_command_make_model_with_pivot_type" file="/app/tests/Feature/Console/Commands/ModelMakeCommand/OptionsTest.php" line="33" class="Tests\Feature\Playground\Make\Model\Console\Commands\ModelMakeCommand\OptionsTest" classname="Tests.Feature.Playground.Make.Model.Console.Commands.ModelMakeCommand.OptionsTest" assertions="1" time="0.041068"/>
        <testcase name="test_command_make_model_with_pivot_option" file="/app/tests/Feature/Console/Commands/ModelMakeCommand/OptionsTest.php" line="44" class="Tests\Feature\Playground\Make\Model\Console\Commands\ModelMakeCommand\OptionsTest" classname="Tests.Feature.Playground.Make.Model.Console.Commands.ModelMakeCommand.OptionsTest" assertions="1" time="0.040806"/>
        <testcase name="test_command_make_model_with_morph_pivot_type" file="/app/tests/Feature/Console/Commands/ModelMakeCommand/OptionsTest.php" line="55" class="Tests\Feature\Playground\Make\Model\Console\Commands\ModelMakeCommand\OptionsTest" classname="Tests.Feature.Playground.Make.Model.Console.Commands.ModelMakeCommand.OptionsTest" assertions="1" time="0.044213"/>
        <testcase name="test_command_make_model_with_morph_pivot_option" file="/app/tests/Feature/Console/Commands/ModelMakeCommand/OptionsTest.php" line="66" class="Tests\Feature\Playground\Make\Model\Console\Commands\ModelMakeCommand\OptionsTest" classname="Tests.Feature.Playground.Make.Model.Console.Commands.ModelMakeCommand.OptionsTest" assertions="1" time="0.045906"/>
        <testcase name="test_command_make_model_with_api_type" file="/app/tests/Feature/Console/Commands/ModelMakeCommand/OptionsTest.php" line="77" class="Tests\Feature\Playground\Make\Model\Console\Commands\ModelMakeCommand\OptionsTest" classname="Tests.Feature.Playground.Make.Model.Console.Commands.ModelMakeCommand.OptionsTest" assertions="1" time="0.036060"/>
        <testcase name="test_command_make_model_with_abstract_type" file="/app/tests/Feature/Console/Commands/ModelMakeCommand/OptionsTest.php" line="88" class="Tests\Feature\Playground\Make\Model\Console\Commands\ModelMakeCommand\OptionsTest" classname="Tests.Feature.Playground.Make.Model.Console.Commands.ModelMakeCommand.OptionsTest" assertions="1" time="0.034787"/>
        <testcase name="test_command_make_model_with_model_type" file="/app/tests/Feature/Console/Commands/ModelMakeCommand/OptionsTest.php" line="99" class="Tests\Feature\Playground\Make\Model\Console\Commands\ModelMakeCommand\OptionsTest" classname="Tests.Feature.Playground.Make.Model.Console.Commands.ModelMakeCommand.OptionsTest" assertions="1" time="0.035015"/>
        <testcase name="test_command_make_model_with_api_controller_option" file="/app/tests/Feature/Console/Commands/ModelMakeCommand/OptionsTest.php" line="110" class="Tests\Feature\Playground\Make\Model\Console\Commands\ModelMakeCommand\OptionsTest" classname="Tests.Feature.Playground.Make.Model.Console.Commands.ModelMakeCommand.OptionsTest" assertions="1" time="0.059793"/>
        <testcase name="test_command_make_model_with_resource_controller_option" file="/app/tests/Feature/Console/Commands/ModelMakeCommand/OptionsTest.php" line="121" class="Tests\Feature\Playground\Make\Model\Console\Commands\ModelMakeCommand\OptionsTest" classname="Tests.Feature.Playground.Make.Model.Console.Commands.ModelMakeCommand.OptionsTest" assertions="1" time="0.062476"/>
      </testsuite>
      <testsuite name="Tests\Feature\Playground\Make\Model\Console\Commands\SeederMakeCommand\CommandTest" file="/app/tests/Feature/Console/Commands/SeederMakeCommand/CommandTest.php" tests="2" assertions="3" errors="0" failures="0" skipped="0" time="0.059864">
        <testcase name="test_command_without_options_or_arguments" file="/app/tests/Feature/Console/Commands/SeederMakeCommand/CommandTest.php" line="21" class="Tests\Feature\Playground\Make\Model\Console\Commands\SeederMakeCommand\CommandTest" classname="Tests.Feature.Playground.Make.Model.Console.Commands.SeederMakeCommand.CommandTest" assertions="2" time="0.028953"/>
        <testcase name="test_command_skeleton" file="/app/tests/Feature/Console/Commands/SeederMakeCommand/CommandTest.php" line="31" class="Tests\Feature\Playground\Make\Model\Console\Commands\SeederMakeCommand\CommandTest" classname="Tests.Feature.Playground.Make.Model.Console.Commands.SeederMakeCommand.CommandTest" assertions="1" time="0.030911"/>
      </testsuite>
    </testsuite>
  </testsuite>
</testsuites>
